<?xml version="1.0" encoding="UTF-8"?>
<testsuites name="chooseStudent" time="68" tests="2" failures="2" errors="0">
   <testsuite name="chooseStudent" tests="2" failures="2" errors="0" time="68" timestamp="2018-08-20 17:30:21" hostname="41776 - DESKTOP-EV1AU39" id="Test Suites/smoke Test/chooseStudent">
      <properties>
         <property name="deviceName" value=""/>
         <property name="devicePlatform" value=""/>
         <property name="logFolder" value="C:\\Users\\41776\\Desktop\\study\\optionalTest\\Reports\\smoke Test\\chooseStudent\\20180820_173020"/>
         <property name="logFiles" value="C:\\Users\\41776\\Desktop\\study\\optionalTest\\Reports\\smoke Test\\chooseStudent\\20180820_173020\\execution0.log"/>
         <property name="attachments" value="C:\\Users\\41776\\Desktop\\study\\optionalTest\\Reports\\smoke Test\\chooseStudent\\20180820_173020\\1534757456768.png, C:\\Users\\41776\\Desktop\\study\\optionalTest\\Reports\\smoke Test\\chooseStudent\\20180820_173020\\1534757489382.png"/>
         <property name="hostName" value="41776 - DESKTOP-EV1AU39"/>
         <property name="os" value="Windows 10 64bit"/>
         <property name="katalonVersion" value="5.6.0.1"/>
         <property name="browser" value="Chrome 68.0.3440.106"/>
         <property name="hostAddress" value="192.168.2.140"/>
         <property name="sessionId" value="f8d2e2caadcce66a4529c5e5fb5517d1"/>
         <property name="seleniumVersion" value="3.7.1"/>
         <property name="proxyInformation" value="ProxyInformation{proxyOption=NO_PROXY, proxyServerType=HTTP, password=, proxyServerAddress=, proxyServerPort=0}"/>
         <property name="platform" value="Windows 10"/>
      </properties>
      <testcase name="Test Cases/Common Test Cases/loginstudent" classname="Test Cases/Common Test Cases/loginstudent" status="PASSED">
         <system-out><![CDATA[2018-08-20 17:30:22 - [TEST_CASE][PASSED] - Test Cases/Common Test Cases/loginstudent: Test Cases/Common Test Cases/loginstudent

2018-08-20 17:30:22 - [TEST_STEP][PASSED] - Statement - data = com.kms.katalon.core.testdata.TestDataFactory.findTestData(account): Test data is internal data, reading internal data

2018-08-20 17:30:22 - [TEST_STEP][PASSED] - Statement - For (def index : (0..(data.getRowNumbers() - 1))): Object: 'Object Repository/webpage/Page_login/button_login' is clicked on

2018-08-20 17:30:22 - [TEST_STEP][PASSED] - openBrowser: Browser is opened with url: ''

2018-08-20 17:30:25 - [MESSAGE][PASSED] - Browser is opened with url: ''

2018-08-20 17:30:25 - [TEST_STEP][PASSED] - navigateToUrl: Navigate to 'http://hangzhoudev.nicezhuanye.com/Nicezhuanye/webapp/login.html' successfully

2018-08-20 17:30:29 - [MESSAGE][PASSED] - Navigate to 'http://hangzhoudev.nicezhuanye.com/Nicezhuanye/webapp/login.html' successfully

2018-08-20 17:30:29 - [TEST_STEP][PASSED] - click: Object: 'Object Repository/webpage/Page_login/input_choiceschool' is clicked on

2018-08-20 17:30:29 - [MESSAGE][PASSED] - Object: 'Object Repository/webpage/Page_login/input_choiceschool' is clicked on

2018-08-20 17:30:29 - [TEST_STEP][PASSED] - click: Object: 'Object Repository/webpage/Page_login/Page_/li_test--ff' is clicked on

2018-08-20 17:30:30 - [MESSAGE][PASSED] - Object: 'Object Repository/webpage/Page_login/Page_/li_test--ff' is clicked on

2018-08-20 17:30:30 - [TEST_STEP][PASSED] - setText: Text 'gzh002' is set on object 'Object Repository/webpage/Page_login/input_account'

2018-08-20 17:30:30 - [MESSAGE][PASSED] - Text 'gzh002' is set on object 'Object Repository/webpage/Page_login/input_account'

2018-08-20 17:30:30 - [TEST_STEP][PASSED] - setText: Text 'gzh002' is set on object 'Object Repository/webpage/Page_login/input_pwd'

2018-08-20 17:30:30 - [MESSAGE][PASSED] - Text 'gzh002' is set on object 'Object Repository/webpage/Page_login/input_pwd'

2018-08-20 17:30:30 - [TEST_STEP][PASSED] - click: Object: 'Object Repository/webpage/Page_login/button_login' is clicked on

2018-08-20 17:30:30 - [MESSAGE][PASSED] - Object: 'Object Repository/webpage/Page_login/button_login' is clicked on]]></system-out>
         <system-err><![CDATA[]]></system-err>
      </testcase>
      <testcase name="Test Cases/Common Test Cases/changePassword" classname="Test Cases/Common Test Cases/changePassword" status="PASSED">
         <system-out><![CDATA[2018-08-20 17:30:30 - [TEST_CASE][PASSED] - Test Cases/Common Test Cases/changePassword: Test Cases/Common Test Cases/changePassword

2018-08-20 17:30:30 - [TEST_STEP][PASSED] - setText: Text 'gzh002' is set on object 'Object Repository/webpage/changePwd/Page_/input_oldPwd'

2018-08-20 17:30:33 - [MESSAGE][PASSED] - Text 'gzh002' is set on object 'Object Repository/webpage/changePwd/Page_/input_oldPwd'

2018-08-20 17:30:33 - [TEST_STEP][PASSED] - setText: Text 'aa123456' is set on object 'Object Repository/webpage/changePwd/Page_/input_newPwd'

2018-08-20 17:30:34 - [MESSAGE][PASSED] - Text 'aa123456' is set on object 'Object Repository/webpage/changePwd/Page_/input_newPwd'

2018-08-20 17:30:34 - [TEST_STEP][PASSED] - setText: Text 'aa123456' is set on object 'Object Repository/webpage/changePwd/Page_/input_confirmPwd'

2018-08-20 17:30:34 - [MESSAGE][PASSED] - Text 'aa123456' is set on object 'Object Repository/webpage/changePwd/Page_/input_confirmPwd'

2018-08-20 17:30:34 - [TEST_STEP][PASSED] - click: Object: 'Object Repository/webpage/changePwd/Page_/button_nextstep' is clicked on

2018-08-20 17:30:34 - [MESSAGE][PASSED] - Object: 'Object Repository/webpage/changePwd/Page_/button_nextstep' is clicked on

2018-08-20 17:30:34 - [TEST_STEP][PASSED] - delay: Delayed 2 second(s)

2018-08-20 17:30:36 - [MESSAGE][PASSED] - Delayed 2 second(s)

2018-08-20 17:30:36 - [TEST_STEP][PASSED] - setText: Text '1' is set on object 'Object Repository/webpage/changePwd/Page_/input_motherName'

2018-08-20 17:30:37 - [MESSAGE][PASSED] - Text '1' is set on object 'Object Repository/webpage/changePwd/Page_/input_motherName'

2018-08-20 17:30:37 - [TEST_STEP][PASSED] - delay: Delayed 2 second(s)

2018-08-20 17:30:39 - [MESSAGE][PASSED] - Delayed 2 second(s)

2018-08-20 17:30:39 - [TEST_STEP][PASSED] - setText: Text '1' is set on object 'Object Repository/webpage/changePwd/Page_/input_teacherName'

2018-08-20 17:30:39 - [MESSAGE][PASSED] - Text '1' is set on object 'Object Repository/webpage/changePwd/Page_/input_teacherName'

2018-08-20 17:30:39 - [TEST_STEP][PASSED] - delay: Delayed 5 second(s)

2018-08-20 17:30:44 - [MESSAGE][PASSED] - Delayed 5 second(s)

2018-08-20 17:30:44 - [TEST_STEP][PASSED] - click: Object: 'Object Repository/webpage/changePwd/Page_/button_submit' is clicked on

2018-08-20 17:30:44 - [MESSAGE][PASSED] - Object: 'Object Repository/webpage/changePwd/Page_/button_submit' is clicked on

2018-08-20 17:30:44 - [TEST_STEP][PASSED] - delay: Delayed 5 second(s)

2018-08-20 17:30:49 - [MESSAGE][PASSED] - Delayed 5 second(s)]]></system-out>
         <system-err><![CDATA[]]></system-err>
      </testcase>
      <testcase name="Test Cases/Main Test Cases/subjectInterest/subjectInterest" classname="Test Cases/Main Test Cases/subjectInterest/subjectInterest" status="FAILED">
         <failure type="FAILED" message="Unable to click on object 'Object Repository/Page_subjcetInterest/page_test/Page_/button_startTest1' (Root cause: org.openqa.selenium.ElementNotVisibleException: element not visible
  (Session info: chrome=68.0.3440.106)
  (Driver info: chromedriver=2.35.528161 (5b82f2d2aae0ca24b877009200ced9065a772e73),platform=Windows NT 10.0.17134 x86_64) (WARNING: The server did not provide any stacktrace information)
Command duration or timeout: 0 milliseconds
Build info: version: '3.7.1', revision: '8a0099a', time: '2017-11-06T21:07:36.161Z'
System info: host: 'DESKTOP-EV1AU39', ip: '192.168.2.140', os.name: 'Windows 10', os.arch: 'amd64', os.version: '10.0', java.version: '1.8.0_102'
Driver info: com.kms.katalon.selenium.driver.CChromeDriver
Capabilities {acceptInsecureCerts: false, acceptSslCerts: false, applicationCacheEnabled: false, browserConnectionEnabled: false, browserName: chrome, chrome: {chromedriverVersion: 2.35.528161 (5b82f2d2aae0ca..., userDataDir: C:\Users\41776\AppData\Loca...}, cssSelectorsEnabled: true, databaseEnabled: false, handlesAlerts: true, hasTouchScreen: false, javascriptEnabled: true, locationContextEnabled: true, mobileEmulationEnabled: false, nativeEvents: true, networkConnectionEnabled: false, pageLoadStrategy: normal, platform: XP, platformName: XP, rotatable: false, setWindowRect: true, takesHeapSnapshot: true, takesScreenshot: true, unexpectedAlertBehaviour: , unhandledPromptBehavior: , version: 68.0.3440.106, webStorageEnabled: true}
Session ID: f8d2e2caadcce66a4529c5e5fb5517d1)"/>
         <system-out><![CDATA[2018-08-20 17:30:49 - [TEST_CASE][FAILED] - Test Cases/Main Test Cases/subjectInterest/subjectInterest: Test Cases/Main Test Cases/subjectInterest/subjectInterest FAILED because (of) Unable to click on object 'Object Repository/Page_subjcetInterest/page_test/Page_/button_startTest1' (Root cause: org.openqa.selenium.ElementNotVisibleException: element not visible
  (Session info: chrome=68.0.3440.106)
  (Driver info: chromedriver=2.35.528161 (5b82f2d2aae0ca24b877009200ced9065a772e73),platform=Windows NT 10.0.17134 x86_64) (WARNING: The server did not provide any stacktrace information)
Command duration or timeout: 0 milliseconds
Build info: version: '3.7.1', revision: '8a0099a', time: '2017-11-06T21:07:36.161Z'
System info: host: 'DESKTOP-EV1AU39', ip: '192.168.2.140', os.name: 'Windows 10', os.arch: 'amd64', os.version: '10.0', java.version: '1.8.0_102'
Driver info: com.kms.katalon.selenium.driver.CChromeDriver
Capabilities {acceptInsecureCerts: false, acceptSslCerts: false, applicationCacheEnabled: false, browserConnectionEnabled: false, browserName: chrome, chrome: {chromedriverVersion: 2.35.528161 (5b82f2d2aae0ca..., userDataDir: C:\Users\41776\AppData\Loca...}, cssSelectorsEnabled: true, databaseEnabled: false, handlesAlerts: true, hasTouchScreen: false, javascriptEnabled: true, locationContextEnabled: true, mobileEmulationEnabled: false, nativeEvents: true, networkConnectionEnabled: false, pageLoadStrategy: normal, platform: XP, platformName: XP, rotatable: false, setWindowRect: true, takesHeapSnapshot: true, takesScreenshot: true, unexpectedAlertBehaviour: , unhandledPromptBehavior: , version: 68.0.3440.106, webStorageEnabled: true}
Session ID: f8d2e2caadcce66a4529c5e5fb5517d1)

2018-08-20 17:30:49 - [TEST_STEP][PASSED] - click: Object: 'Object Repository/Page_subjcetInterest/page_test/Page_/div_subjectInterestitem' is clicked on

2018-08-20 17:30:56 - [MESSAGE][PASSED] - Object: 'Object Repository/Page_subjcetInterest/page_test/Page_/div_subjectInterestitem' is clicked on

2018-08-20 17:30:56 - [TEST_STEP][FAILED] - click: Unable to click on object 'Object Repository/Page_subjcetInterest/page_test/Page_/button_startTest1' (Root cause: org.openqa.selenium.ElementNotVisibleException: element not visible
  (Session info: chrome=68.0.3440.106)
  (Driver info: chromedriver=2.35.528161 (5b82f2d2aae0ca24b877009200ced9065a772e73),platform=Windows NT 10.0.17134 x86_64) (WARNING: The server did not provide any stacktrace information)
Command duration or timeout: 0 milliseconds
Build info: version: '3.7.1', revision: '8a0099a', time: '2017-11-06T21:07:36.161Z'
System info: host: 'DESKTOP-EV1AU39', ip: '192.168.2.140', os.name: 'Windows 10', os.arch: 'amd64', os.version: '10.0', java.version: '1.8.0_102'
Driver info: com.kms.katalon.selenium.driver.CChromeDriver
Capabilities {acceptInsecureCerts: false, acceptSslCerts: false, applicationCacheEnabled: false, browserConnectionEnabled: false, browserName: chrome, chrome: {chromedriverVersion: 2.35.528161 (5b82f2d2aae0ca..., userDataDir: C:\Users\41776\AppData\Loca...}, cssSelectorsEnabled: true, databaseEnabled: false, handlesAlerts: true, hasTouchScreen: false, javascriptEnabled: true, locationContextEnabled: true, mobileEmulationEnabled: false, nativeEvents: true, networkConnectionEnabled: false, pageLoadStrategy: normal, platform: XP, platformName: XP, rotatable: false, setWindowRect: true, takesHeapSnapshot: true, takesScreenshot: true, unexpectedAlertBehaviour: , unhandledPromptBehavior: , version: 68.0.3440.106, webStorageEnabled: true}
Session ID: f8d2e2caadcce66a4529c5e5fb5517d1)

2018-08-20 17:30:57 - [MESSAGE][FAILED] - Unable to click on object 'Object Repository/Page_subjcetInterest/page_test/Page_/button_startTest1' (Root cause: org.openqa.selenium.ElementNotVisibleException: element not visible
  (Session info: chrome=68.0.3440.106)
  (Driver info: chromedriver=2.35.528161 (5b82f2d2aae0ca24b877009200ced9065a772e73),platform=Windows NT 10.0.17134 x86_64) (WARNING: The server did not provide any stacktrace information)
Command duration or timeout: 0 milliseconds
Build info: version: '3.7.1', revision: '8a0099a', time: '2017-11-06T21:07:36.161Z'
System info: host: 'DESKTOP-EV1AU39', ip: '192.168.2.140', os.name: 'Windows 10', os.arch: 'amd64', os.version: '10.0', java.version: '1.8.0_102'
Driver info: com.kms.katalon.selenium.driver.CChromeDriver
Capabilities {acceptInsecureCerts: false, acceptSslCerts: false, applicationCacheEnabled: false, browserConnectionEnabled: false, browserName: chrome, chrome: {chromedriverVersion: 2.35.528161 (5b82f2d2aae0ca..., userDataDir: C:\Users\41776\AppData\Loca...}, cssSelectorsEnabled: true, databaseEnabled: false, handlesAlerts: true, hasTouchScreen: false, javascriptEnabled: true, locationContextEnabled: true, mobileEmulationEnabled: false, nativeEvents: true, networkConnectionEnabled: false, pageLoadStrategy: normal, platform: XP, platformName: XP, rotatable: false, setWindowRect: true, takesHeapSnapshot: true, takesScreenshot: true, unexpectedAlertBehaviour: , unhandledPromptBehavior: , version: 68.0.3440.106, webStorageEnabled: true}
Session ID: f8d2e2caadcce66a4529c5e5fb5517d1)
[[ATTACHMENT|C:\\Users\\41776\\Desktop\\study\\optionalTest\\Reports\\smoke Test\\chooseStudent\\20180820_173020\\1534757456768.png]]]]></system-out>
         <system-err><![CDATA[2018-08-20 17:30:49 - [TEST_CASE][FAILED] - Test Cases/Main Test Cases/subjectInterest/subjectInterest: Test Cases/Main Test Cases/subjectInterest/subjectInterest FAILED because (of) Unable to click on object 'Object Repository/Page_subjcetInterest/page_test/Page_/button_startTest1' (Root cause: org.openqa.selenium.ElementNotVisibleException: element not visible
  (Session info: chrome=68.0.3440.106)
  (Driver info: chromedriver=2.35.528161 (5b82f2d2aae0ca24b877009200ced9065a772e73),platform=Windows NT 10.0.17134 x86_64) (WARNING: The server did not provide any stacktrace information)
Command duration or timeout: 0 milliseconds
Build info: version: '3.7.1', revision: '8a0099a', time: '2017-11-06T21:07:36.161Z'
System info: host: 'DESKTOP-EV1AU39', ip: '192.168.2.140', os.name: 'Windows 10', os.arch: 'amd64', os.version: '10.0', java.version: '1.8.0_102'
Driver info: com.kms.katalon.selenium.driver.CChromeDriver
Capabilities {acceptInsecureCerts: false, acceptSslCerts: false, applicationCacheEnabled: false, browserConnectionEnabled: false, browserName: chrome, chrome: {chromedriverVersion: 2.35.528161 (5b82f2d2aae0ca..., userDataDir: C:\Users\41776\AppData\Loca...}, cssSelectorsEnabled: true, databaseEnabled: false, handlesAlerts: true, hasTouchScreen: false, javascriptEnabled: true, locationContextEnabled: true, mobileEmulationEnabled: false, nativeEvents: true, networkConnectionEnabled: false, pageLoadStrategy: normal, platform: XP, platformName: XP, rotatable: false, setWindowRect: true, takesHeapSnapshot: true, takesScreenshot: true, unexpectedAlertBehaviour: , unhandledPromptBehavior: , version: 68.0.3440.106, webStorageEnabled: true}
Session ID: f8d2e2caadcce66a4529c5e5fb5517d1)]]></system-err>
      </testcase>
      <testcase name="Test Cases/Main Test Cases/subjectInterest/subjectIntestSort" classname="Test Cases/Main Test Cases/subjectInterest/subjectIntestSort" status="FAILED">
         <failure type="FAILED" message="Unable to click on object 'Object Repository/Page_subjcetInterest/page_sort/Page_/div_subjectinterestitem' (Root cause: com.kms.katalon.core.webui.exception.WebElementNotFoundException: Web element with id: 'Object Repository/Page_subjcetInterest/page_sort/Page_/div_subjectinterestitem' located by 'By.xpath: //div[@data-reactid = '.0.0.0.0.1.0.1.$1.0']' not found)"/>
         <system-out><![CDATA[2018-08-20 17:30:57 - [TEST_CASE][FAILED] - Test Cases/Main Test Cases/subjectInterest/subjectIntestSort: Test Cases/Main Test Cases/subjectInterest/subjectIntestSort FAILED because (of) Unable to click on object 'Object Repository/Page_subjcetInterest/page_sort/Page_/div_subjectinterestitem' (Root cause: com.kms.katalon.core.webui.exception.WebElementNotFoundException: Web element with id: 'Object Repository/Page_subjcetInterest/page_sort/Page_/div_subjectinterestitem' located by 'By.xpath: //div[@data-reactid = '.0.0.0.0.1.0.1.$1.0']' not found)

2018-08-20 17:30:57 - [TEST_STEP][FAILED] - Statement - If (com.kms.katalon.core.testobject.ObjectRepository.findTestObject(Page_subjcetInterest/page_sort/Page_/div_subjectinterestitem) != null): Unable to click on object 'Object Repository/Page_subjcetInterest/page_sort/Page_/div_subjectinterestitem' (Root cause: com.kms.katalon.core.webui.exception.WebElementNotFoundException: Web element with id: 'Object Repository/Page_subjcetInterest/page_sort/Page_/div_subjectinterestitem' located by 'By.xpath: //div[@data-reactid = '.0.0.0.0.1.0.1.$1.0']' not found)

2018-08-20 17:30:57 - [TEST_STEP][FAILED] - click: Unable to click on object 'Object Repository/Page_subjcetInterest/page_sort/Page_/div_subjectinterestitem' (Root cause: com.kms.katalon.core.webui.exception.WebElementNotFoundException: Web element with id: 'Object Repository/Page_subjcetInterest/page_sort/Page_/div_subjectinterestitem' located by 'By.xpath: //div[@data-reactid = '.0.0.0.0.1.0.1.$1.0']' not found)

2018-08-20 17:31:29 - [MESSAGE][FAILED] - Unable to click on object 'Object Repository/Page_subjcetInterest/page_sort/Page_/div_subjectinterestitem' (Root cause: com.kms.katalon.core.webui.exception.WebElementNotFoundException: Web element with id: 'Object Repository/Page_subjcetInterest/page_sort/Page_/div_subjectinterestitem' located by 'By.xpath: //div[@data-reactid = '.0.0.0.0.1.0.1.$1.0']' not found)
[[ATTACHMENT|C:\\Users\\41776\\Desktop\\study\\optionalTest\\Reports\\smoke Test\\chooseStudent\\20180820_173020\\1534757489382.png]]]]></system-out>
         <system-err><![CDATA[2018-08-20 17:30:57 - [TEST_CASE][FAILED] - Test Cases/Main Test Cases/subjectInterest/subjectIntestSort: Test Cases/Main Test Cases/subjectInterest/subjectIntestSort FAILED because (of) Unable to click on object 'Object Repository/Page_subjcetInterest/page_sort/Page_/div_subjectinterestitem' (Root cause: com.kms.katalon.core.webui.exception.WebElementNotFoundException: Web element with id: 'Object Repository/Page_subjcetInterest/page_sort/Page_/div_subjectinterestitem' located by 'By.xpath: //div[@data-reactid = '.0.0.0.0.1.0.1.$1.0']' not found)]]></system-err>
      </testcase>
      <system-out><![CDATA[2018-08-20 17:30:21 - [TEST_SUITE][FAILED] - chooseStudent: Test Cases/Main Test Cases/subjectInterest/subjectInterest FAILED because (of) Unable to click on object 'Object Repository/Page_subjcetInterest/page_test/Page_/button_startTest1' (Root cause: org.openqa.selenium.ElementNotVisibleException: element not visible
  (Session info: chrome=68.0.3440.106)
  (Driver info: chromedriver=2.35.528161 (5b82f2d2aae0ca24b877009200ced9065a772e73),platform=Windows NT 10.0.17134 x86_64) (WARNING: The server did not provide any stacktrace information)
Command duration or timeout: 0 milliseconds
Build info: version: '3.7.1', revision: '8a0099a', time: '2017-11-06T21:07:36.161Z'
System info: host: 'DESKTOP-EV1AU39', ip: '192.168.2.140', os.name: 'Windows 10', os.arch: 'amd64', os.version: '10.0', java.version: '1.8.0_102'
Driver info: com.kms.katalon.selenium.driver.CChromeDriver
Capabilities {acceptInsecureCerts: false, acceptSslCerts: false, applicationCacheEnabled: false, browserConnectionEnabled: false, browserName: chrome, chrome: {chromedriverVersion: 2.35.528161 (5b82f2d2aae0ca..., userDataDir: C:\Users\41776\AppData\Loca...}, cssSelectorsEnabled: true, databaseEnabled: false, handlesAlerts: true, hasTouchScreen: false, javascriptEnabled: true, locationContextEnabled: true, mobileEmulationEnabled: false, nativeEvents: true, networkConnectionEnabled: false, pageLoadStrategy: normal, platform: XP, platformName: XP, rotatable: false, setWindowRect: true, takesHeapSnapshot: true, takesScreenshot: true, unexpectedAlertBehaviour: , unhandledPromptBehavior: , version: 68.0.3440.106, webStorageEnabled: true}
Session ID: f8d2e2caadcce66a4529c5e5fb5517d1)]]></system-out>
      <system-err><![CDATA[2018-08-20 17:30:21 - [TEST_SUITE][FAILED] - chooseStudent: Test Cases/Main Test Cases/subjectInterest/subjectInterest FAILED because (of) Unable to click on object 'Object Repository/Page_subjcetInterest/page_test/Page_/button_startTest1' (Root cause: org.openqa.selenium.ElementNotVisibleException: element not visible
  (Session info: chrome=68.0.3440.106)
  (Driver info: chromedriver=2.35.528161 (5b82f2d2aae0ca24b877009200ced9065a772e73),platform=Windows NT 10.0.17134 x86_64) (WARNING: The server did not provide any stacktrace information)
Command duration or timeout: 0 milliseconds
Build info: version: '3.7.1', revision: '8a0099a', time: '2017-11-06T21:07:36.161Z'
System info: host: 'DESKTOP-EV1AU39', ip: '192.168.2.140', os.name: 'Windows 10', os.arch: 'amd64', os.version: '10.0', java.version: '1.8.0_102'
Driver info: com.kms.katalon.selenium.driver.CChromeDriver
Capabilities {acceptInsecureCerts: false, acceptSslCerts: false, applicationCacheEnabled: false, browserConnectionEnabled: false, browserName: chrome, chrome: {chromedriverVersion: 2.35.528161 (5b82f2d2aae0ca..., userDataDir: C:\Users\41776\AppData\Loca...}, cssSelectorsEnabled: true, databaseEnabled: false, handlesAlerts: true, hasTouchScreen: false, javascriptEnabled: true, locationContextEnabled: true, mobileEmulationEnabled: false, nativeEvents: true, networkConnectionEnabled: false, pageLoadStrategy: normal, platform: XP, platformName: XP, rotatable: false, setWindowRect: true, takesHeapSnapshot: true, takesScreenshot: true, unexpectedAlertBehaviour: , unhandledPromptBehavior: , version: 68.0.3440.106, webStorageEnabled: true}
Session ID: f8d2e2caadcce66a4529c5e5fb5517d1)]]></system-err>
   </testsuite>
</testsuites>
