<?xml version="1.0" encoding="UTF-8"?>
<testsuites name="chooseStudent" time="132" tests="3" failures="1" errors="0">
   <testsuite name="chooseStudent" tests="3" failures="1" errors="0" time="132" timestamp="2018-08-20 16:19:31" hostname="41776 - DESKTOP-EV1AU39" id="Test Suites/smoke Test/chooseStudent">
      <properties>
         <property name="deviceName" value=""/>
         <property name="devicePlatform" value=""/>
         <property name="logFolder" value="C:\\Users\\41776\\Desktop\\study\\optionalTest\\Reports\\smoke Test\\chooseStudent\\20180820_161930"/>
         <property name="logFiles" value="C:\\Users\\41776\\Desktop\\study\\optionalTest\\Reports\\smoke Test\\chooseStudent\\20180820_161930\\execution0.log"/>
         <property name="attachments" value="C:\\Users\\41776\\Desktop\\study\\optionalTest\\Reports\\smoke Test\\chooseStudent\\20180820_161930\\1534753303497.png"/>
         <property name="hostName" value="41776 - DESKTOP-EV1AU39"/>
         <property name="os" value="Windows 10 64bit"/>
         <property name="katalonVersion" value="5.6.0.1"/>
         <property name="browser" value="Chrome 68.0.3440.106"/>
         <property name="hostAddress" value="192.168.2.140"/>
         <property name="sessionId" value="93ba3b908b2473103df3c9d85e88bbd7"/>
         <property name="seleniumVersion" value="3.7.1"/>
         <property name="proxyInformation" value="ProxyInformation{proxyOption=NO_PROXY, proxyServerType=HTTP, password=, proxyServerAddress=, proxyServerPort=0}"/>
         <property name="platform" value="Windows 10"/>
      </properties>
      <testcase name="Test Cases/Common Test Cases/loginstudent" classname="Test Cases/Common Test Cases/loginstudent" status="PASSED">
         <system-out><![CDATA[2018-08-20 16:19:31 - [TEST_CASE][PASSED] - Test Cases/Common Test Cases/loginstudent: Test Cases/Common Test Cases/loginstudent

2018-08-20 16:19:32 - [TEST_STEP][PASSED] - Statement - data = com.kms.katalon.core.testdata.TestDataFactory.findTestData(account): Test data is internal data, reading internal data

2018-08-20 16:19:32 - [TEST_STEP][PASSED] - Statement - For (def index : (0..(data.getRowNumbers() - 1))): Object: 'Object Repository/webpage/Page_login/button_login' is clicked on

2018-08-20 16:19:32 - [TEST_STEP][PASSED] - openBrowser: Browser is opened with url: ''

2018-08-20 16:19:34 - [MESSAGE][PASSED] - Browser is opened with url: ''

2018-08-20 16:19:34 - [TEST_STEP][PASSED] - navigateToUrl: Navigate to 'http://hangzhoudev.nicezhuanye.com/Nicezhuanye/webapp/login.html' successfully

2018-08-20 16:19:41 - [MESSAGE][PASSED] - Navigate to 'http://hangzhoudev.nicezhuanye.com/Nicezhuanye/webapp/login.html' successfully

2018-08-20 16:19:41 - [TEST_STEP][PASSED] - click: Object: 'Object Repository/webpage/Page_login/input_choiceschool' is clicked on

2018-08-20 16:19:42 - [MESSAGE][PASSED] - Object: 'Object Repository/webpage/Page_login/input_choiceschool' is clicked on

2018-08-20 16:19:42 - [TEST_STEP][PASSED] - click: Object: 'Object Repository/webpage/Page_login/Page_/li_test--ff' is clicked on

2018-08-20 16:19:43 - [MESSAGE][PASSED] - Object: 'Object Repository/webpage/Page_login/Page_/li_test--ff' is clicked on

2018-08-20 16:19:43 - [TEST_STEP][PASSED] - setText: Text 'gzh001' is set on object 'Object Repository/webpage/Page_login/input_account'

2018-08-20 16:19:43 - [MESSAGE][PASSED] - Text 'gzh001' is set on object 'Object Repository/webpage/Page_login/input_account'

2018-08-20 16:19:43 - [TEST_STEP][PASSED] - setText: Text 'gzh001' is set on object 'Object Repository/webpage/Page_login/input_pwd'

2018-08-20 16:19:43 - [MESSAGE][PASSED] - Text 'gzh001' is set on object 'Object Repository/webpage/Page_login/input_pwd'

2018-08-20 16:19:43 - [TEST_STEP][PASSED] - click: Object: 'Object Repository/webpage/Page_login/button_login' is clicked on

2018-08-20 16:19:43 - [MESSAGE][PASSED] - Object: 'Object Repository/webpage/Page_login/button_login' is clicked on]]></system-out>
         <system-err><![CDATA[]]></system-err>
      </testcase>
      <testcase name="Test Cases/Common Test Cases/changePassword" classname="Test Cases/Common Test Cases/changePassword" status="PASSED">
         <system-out><![CDATA[2018-08-20 16:19:43 - [TEST_CASE][PASSED] - Test Cases/Common Test Cases/changePassword: Test Cases/Common Test Cases/changePassword

2018-08-20 16:19:43 - [TEST_STEP][PASSED] - setText: Text 'gzh001' is set on object 'Object Repository/webpage/changePwd/Page_/input_oldPwd'

2018-08-20 16:19:45 - [MESSAGE][PASSED] - Text 'gzh001' is set on object 'Object Repository/webpage/changePwd/Page_/input_oldPwd'

2018-08-20 16:19:45 - [TEST_STEP][PASSED] - setText: Text 'aa123456' is set on object 'Object Repository/webpage/changePwd/Page_/input_newPwd'

2018-08-20 16:19:45 - [MESSAGE][PASSED] - Text 'aa123456' is set on object 'Object Repository/webpage/changePwd/Page_/input_newPwd'

2018-08-20 16:19:45 - [TEST_STEP][PASSED] - setText: Text 'aa123456' is set on object 'Object Repository/webpage/changePwd/Page_/input_confirmPwd'

2018-08-20 16:19:45 - [MESSAGE][PASSED] - Text 'aa123456' is set on object 'Object Repository/webpage/changePwd/Page_/input_confirmPwd'

2018-08-20 16:19:45 - [TEST_STEP][PASSED] - click: Object: 'Object Repository/webpage/changePwd/Page_/button_nextstep' is clicked on

2018-08-20 16:19:46 - [MESSAGE][PASSED] - Object: 'Object Repository/webpage/changePwd/Page_/button_nextstep' is clicked on

2018-08-20 16:19:46 - [TEST_STEP][PASSED] - delay: Delayed 2 second(s)

2018-08-20 16:19:48 - [MESSAGE][PASSED] - Delayed 2 second(s)

2018-08-20 16:19:48 - [TEST_STEP][PASSED] - setText: Text '1' is set on object 'Object Repository/webpage/changePwd/Page_/input_motherName'

2018-08-20 16:19:50 - [MESSAGE][PASSED] - Text '1' is set on object 'Object Repository/webpage/changePwd/Page_/input_motherName'

2018-08-20 16:19:50 - [TEST_STEP][PASSED] - delay: Delayed 2 second(s)

2018-08-20 16:19:52 - [MESSAGE][PASSED] - Delayed 2 second(s)

2018-08-20 16:19:52 - [TEST_STEP][PASSED] - setText: Text '1' is set on object 'Object Repository/webpage/changePwd/Page_/input_teacherName'

2018-08-20 16:19:52 - [MESSAGE][PASSED] - Text '1' is set on object 'Object Repository/webpage/changePwd/Page_/input_teacherName'

2018-08-20 16:19:52 - [TEST_STEP][PASSED] - delay: Delayed 5 second(s)

2018-08-20 16:19:57 - [MESSAGE][PASSED] - Delayed 5 second(s)

2018-08-20 16:19:57 - [TEST_STEP][PASSED] - click: Object: 'Object Repository/webpage/changePwd/Page_/button_submit' is clicked on

2018-08-20 16:19:57 - [MESSAGE][PASSED] - Object: 'Object Repository/webpage/changePwd/Page_/button_submit' is clicked on

2018-08-20 16:19:57 - [TEST_STEP][PASSED] - delay: Delayed 5 second(s)

2018-08-20 16:20:02 - [MESSAGE][PASSED] - Delayed 5 second(s)]]></system-out>
         <system-err><![CDATA[]]></system-err>
      </testcase>
      <testcase name="Test Cases/Main Test Cases/subjectInterest/subjectInterest" classname="Test Cases/Main Test Cases/subjectInterest/subjectInterest" status="PASSED">
         <system-out><![CDATA[2018-08-20 16:20:02 - [TEST_CASE][PASSED] - Test Cases/Main Test Cases/subjectInterest/subjectInterest: Test Cases/Main Test Cases/subjectInterest/subjectInterest

2018-08-20 16:20:02 - [TEST_STEP][PASSED] - click: Object: 'Object Repository/Page_subjcetInterest/page_test/Page_/div_subjectInterestitem' is clicked on

2018-08-20 16:20:06 - [MESSAGE][PASSED] - Object: 'Object Repository/Page_subjcetInterest/page_test/Page_/div_subjectInterestitem' is clicked on

2018-08-20 16:20:06 - [TEST_STEP][PASSED] - click: Object: 'Object Repository/Page_subjcetInterest/page_test/Page_/button_startTest1' is clicked on

2018-08-20 16:20:06 - [MESSAGE][PASSED] - Object: 'Object Repository/Page_subjcetInterest/page_test/Page_/button_startTest1' is clicked on

2018-08-20 16:20:06 - [TEST_STEP][PASSED] - click: Object: 'Object Repository/Page_subjcetInterest/page_test/Page_/button_starttest2' is clicked on

2018-08-20 16:20:07 - [MESSAGE][PASSED] - Object: 'Object Repository/Page_subjcetInterest/page_test/Page_/button_starttest2' is clicked on

2018-08-20 16:20:07 - [TEST_STEP][PASSED] - Statement - For ([i = 0, i <= 66, (i++)]): Delayed 1 second(s)

2018-08-20 16:20:07 - [TEST_STEP][PASSED] - com.JavascriptClick.clickUsingJS: com.JavascriptClick.clickUsingJS is PASSED

2018-08-20 16:20:07 - [MESSAGE][PASSED] - com.JavascriptClick.clickUsingJS is PASSED

2018-08-20 16:20:07 - [TEST_STEP][PASSED] - delay: Delayed 1 second(s)

2018-08-20 16:20:08 - [MESSAGE][PASSED] - Delayed 1 second(s)

2018-08-20 16:20:08 - [TEST_STEP][PASSED] - com.JavascriptClick.clickUsingJS: com.JavascriptClick.clickUsingJS is PASSED

2018-08-20 16:20:09 - [MESSAGE][PASSED] - com.JavascriptClick.clickUsingJS is PASSED

2018-08-20 16:20:09 - [TEST_STEP][PASSED] - delay: Delayed 1 second(s)

2018-08-20 16:20:10 - [MESSAGE][PASSED] - Delayed 1 second(s)

2018-08-20 16:20:10 - [TEST_STEP][PASSED] - com.JavascriptClick.clickUsingJS: com.JavascriptClick.clickUsingJS is PASSED

2018-08-20 16:20:10 - [MESSAGE][PASSED] - com.JavascriptClick.clickUsingJS is PASSED

2018-08-20 16:20:10 - [TEST_STEP][PASSED] - delay: Delayed 1 second(s)

2018-08-20 16:20:11 - [MESSAGE][PASSED] - Delayed 1 second(s)

2018-08-20 16:20:11 - [TEST_STEP][PASSED] - com.JavascriptClick.clickUsingJS: com.JavascriptClick.clickUsingJS is PASSED

2018-08-20 16:20:11 - [MESSAGE][PASSED] - com.JavascriptClick.clickUsingJS is PASSED

2018-08-20 16:20:11 - [TEST_STEP][PASSED] - delay: Delayed 1 second(s)

2018-08-20 16:20:12 - [MESSAGE][PASSED] - Delayed 1 second(s)

2018-08-20 16:20:12 - [TEST_STEP][PASSED] - com.JavascriptClick.clickUsingJS: com.JavascriptClick.clickUsingJS is PASSED

2018-08-20 16:20:12 - [MESSAGE][PASSED] - com.JavascriptClick.clickUsingJS is PASSED

2018-08-20 16:20:12 - [TEST_STEP][PASSED] - delay: Delayed 1 second(s)

2018-08-20 16:20:13 - [MESSAGE][PASSED] - Delayed 1 second(s)

2018-08-20 16:20:13 - [TEST_STEP][PASSED] - com.JavascriptClick.clickUsingJS: com.JavascriptClick.clickUsingJS is PASSED

2018-08-20 16:20:13 - [MESSAGE][PASSED] - com.JavascriptClick.clickUsingJS is PASSED

2018-08-20 16:20:13 - [TEST_STEP][PASSED] - delay: Delayed 1 second(s)

2018-08-20 16:20:14 - [MESSAGE][PASSED] - Delayed 1 second(s)

2018-08-20 16:20:14 - [TEST_STEP][PASSED] - com.JavascriptClick.clickUsingJS: com.JavascriptClick.clickUsingJS is PASSED

2018-08-20 16:20:14 - [MESSAGE][PASSED] - com.JavascriptClick.clickUsingJS is PASSED

2018-08-20 16:20:14 - [TEST_STEP][PASSED] - delay: Delayed 1 second(s)

2018-08-20 16:20:15 - [MESSAGE][PASSED] - Delayed 1 second(s)

2018-08-20 16:20:15 - [TEST_STEP][PASSED] - com.JavascriptClick.clickUsingJS: com.JavascriptClick.clickUsingJS is PASSED

2018-08-20 16:20:15 - [MESSAGE][PASSED] - com.JavascriptClick.clickUsingJS is PASSED

2018-08-20 16:20:15 - [TEST_STEP][PASSED] - delay: Delayed 1 second(s)

2018-08-20 16:20:16 - [MESSAGE][PASSED] - Delayed 1 second(s)

2018-08-20 16:20:16 - [TEST_STEP][PASSED] - com.JavascriptClick.clickUsingJS: com.JavascriptClick.clickUsingJS is PASSED

2018-08-20 16:20:16 - [MESSAGE][PASSED] - com.JavascriptClick.clickUsingJS is PASSED

2018-08-20 16:20:16 - [TEST_STEP][PASSED] - delay: Delayed 1 second(s)

2018-08-20 16:20:17 - [MESSAGE][PASSED] - Delayed 1 second(s)

2018-08-20 16:20:17 - [TEST_STEP][PASSED] - com.JavascriptClick.clickUsingJS: com.JavascriptClick.clickUsingJS is PASSED

2018-08-20 16:20:17 - [MESSAGE][PASSED] - com.JavascriptClick.clickUsingJS is PASSED

2018-08-20 16:20:17 - [TEST_STEP][PASSED] - delay: Delayed 1 second(s)

2018-08-20 16:20:18 - [MESSAGE][PASSED] - Delayed 1 second(s)

2018-08-20 16:20:18 - [TEST_STEP][PASSED] - com.JavascriptClick.clickUsingJS: com.JavascriptClick.clickUsingJS is PASSED

2018-08-20 16:20:18 - [MESSAGE][PASSED] - com.JavascriptClick.clickUsingJS is PASSED

2018-08-20 16:20:18 - [TEST_STEP][PASSED] - delay: Delayed 1 second(s)

2018-08-20 16:20:19 - [MESSAGE][PASSED] - Delayed 1 second(s)

2018-08-20 16:20:19 - [TEST_STEP][PASSED] - com.JavascriptClick.clickUsingJS: com.JavascriptClick.clickUsingJS is PASSED

2018-08-20 16:20:19 - [MESSAGE][PASSED] - com.JavascriptClick.clickUsingJS is PASSED

2018-08-20 16:20:19 - [TEST_STEP][PASSED] - delay: Delayed 1 second(s)

2018-08-20 16:20:20 - [MESSAGE][PASSED] - Delayed 1 second(s)

2018-08-20 16:20:20 - [TEST_STEP][PASSED] - com.JavascriptClick.clickUsingJS: com.JavascriptClick.clickUsingJS is PASSED

2018-08-20 16:20:20 - [MESSAGE][PASSED] - com.JavascriptClick.clickUsingJS is PASSED

2018-08-20 16:20:20 - [TEST_STEP][PASSED] - delay: Delayed 1 second(s)

2018-08-20 16:20:21 - [MESSAGE][PASSED] - Delayed 1 second(s)

2018-08-20 16:20:21 - [TEST_STEP][PASSED] - com.JavascriptClick.clickUsingJS: com.JavascriptClick.clickUsingJS is PASSED

2018-08-20 16:20:21 - [MESSAGE][PASSED] - com.JavascriptClick.clickUsingJS is PASSED

2018-08-20 16:20:21 - [TEST_STEP][PASSED] - delay: Delayed 1 second(s)

2018-08-20 16:20:22 - [MESSAGE][PASSED] - Delayed 1 second(s)

2018-08-20 16:20:22 - [TEST_STEP][PASSED] - com.JavascriptClick.clickUsingJS: com.JavascriptClick.clickUsingJS is PASSED

2018-08-20 16:20:22 - [MESSAGE][PASSED] - com.JavascriptClick.clickUsingJS is PASSED

2018-08-20 16:20:22 - [TEST_STEP][PASSED] - delay: Delayed 1 second(s)

2018-08-20 16:20:23 - [MESSAGE][PASSED] - Delayed 1 second(s)

2018-08-20 16:20:23 - [TEST_STEP][PASSED] - com.JavascriptClick.clickUsingJS: com.JavascriptClick.clickUsingJS is PASSED

2018-08-20 16:20:23 - [MESSAGE][PASSED] - com.JavascriptClick.clickUsingJS is PASSED

2018-08-20 16:20:23 - [TEST_STEP][PASSED] - delay: Delayed 1 second(s)

2018-08-20 16:20:24 - [MESSAGE][PASSED] - Delayed 1 second(s)

2018-08-20 16:20:24 - [TEST_STEP][PASSED] - com.JavascriptClick.clickUsingJS: com.JavascriptClick.clickUsingJS is PASSED

2018-08-20 16:20:24 - [MESSAGE][PASSED] - com.JavascriptClick.clickUsingJS is PASSED

2018-08-20 16:20:24 - [TEST_STEP][PASSED] - delay: Delayed 1 second(s)

2018-08-20 16:20:25 - [MESSAGE][PASSED] - Delayed 1 second(s)

2018-08-20 16:20:25 - [TEST_STEP][PASSED] - com.JavascriptClick.clickUsingJS: com.JavascriptClick.clickUsingJS is PASSED

2018-08-20 16:20:25 - [MESSAGE][PASSED] - com.JavascriptClick.clickUsingJS is PASSED

2018-08-20 16:20:25 - [TEST_STEP][PASSED] - delay: Delayed 1 second(s)

2018-08-20 16:20:26 - [MESSAGE][PASSED] - Delayed 1 second(s)

2018-08-20 16:20:26 - [TEST_STEP][PASSED] - com.JavascriptClick.clickUsingJS: com.JavascriptClick.clickUsingJS is PASSED

2018-08-20 16:20:26 - [MESSAGE][PASSED] - com.JavascriptClick.clickUsingJS is PASSED

2018-08-20 16:20:27 - [TEST_STEP][PASSED] - delay: Delayed 1 second(s)

2018-08-20 16:20:28 - [MESSAGE][PASSED] - Delayed 1 second(s)

2018-08-20 16:20:28 - [TEST_STEP][PASSED] - com.JavascriptClick.clickUsingJS: com.JavascriptClick.clickUsingJS is PASSED

2018-08-20 16:20:28 - [MESSAGE][PASSED] - com.JavascriptClick.clickUsingJS is PASSED

2018-08-20 16:20:28 - [TEST_STEP][PASSED] - delay: Delayed 1 second(s)

2018-08-20 16:20:29 - [MESSAGE][PASSED] - Delayed 1 second(s)

2018-08-20 16:20:29 - [TEST_STEP][PASSED] - com.JavascriptClick.clickUsingJS: com.JavascriptClick.clickUsingJS is PASSED

2018-08-20 16:20:29 - [MESSAGE][PASSED] - com.JavascriptClick.clickUsingJS is PASSED

2018-08-20 16:20:29 - [TEST_STEP][PASSED] - delay: Delayed 1 second(s)

2018-08-20 16:20:30 - [MESSAGE][PASSED] - Delayed 1 second(s)

2018-08-20 16:20:30 - [TEST_STEP][PASSED] - com.JavascriptClick.clickUsingJS: com.JavascriptClick.clickUsingJS is PASSED

2018-08-20 16:20:30 - [MESSAGE][PASSED] - com.JavascriptClick.clickUsingJS is PASSED

2018-08-20 16:20:30 - [TEST_STEP][PASSED] - delay: Delayed 1 second(s)

2018-08-20 16:20:31 - [MESSAGE][PASSED] - Delayed 1 second(s)

2018-08-20 16:20:31 - [TEST_STEP][PASSED] - com.JavascriptClick.clickUsingJS: com.JavascriptClick.clickUsingJS is PASSED

2018-08-20 16:20:31 - [MESSAGE][PASSED] - com.JavascriptClick.clickUsingJS is PASSED

2018-08-20 16:20:31 - [TEST_STEP][PASSED] - delay: Delayed 1 second(s)

2018-08-20 16:20:32 - [MESSAGE][PASSED] - Delayed 1 second(s)

2018-08-20 16:20:32 - [TEST_STEP][PASSED] - com.JavascriptClick.clickUsingJS: com.JavascriptClick.clickUsingJS is PASSED

2018-08-20 16:20:32 - [MESSAGE][PASSED] - com.JavascriptClick.clickUsingJS is PASSED

2018-08-20 16:20:32 - [TEST_STEP][PASSED] - delay: Delayed 1 second(s)

2018-08-20 16:20:33 - [MESSAGE][PASSED] - Delayed 1 second(s)

2018-08-20 16:20:33 - [TEST_STEP][PASSED] - com.JavascriptClick.clickUsingJS: com.JavascriptClick.clickUsingJS is PASSED

2018-08-20 16:20:33 - [MESSAGE][PASSED] - com.JavascriptClick.clickUsingJS is PASSED

2018-08-20 16:20:33 - [TEST_STEP][PASSED] - delay: Delayed 1 second(s)

2018-08-20 16:20:34 - [MESSAGE][PASSED] - Delayed 1 second(s)

2018-08-20 16:20:34 - [TEST_STEP][PASSED] - com.JavascriptClick.clickUsingJS: com.JavascriptClick.clickUsingJS is PASSED

2018-08-20 16:20:34 - [MESSAGE][PASSED] - com.JavascriptClick.clickUsingJS is PASSED

2018-08-20 16:20:34 - [TEST_STEP][PASSED] - delay: Delayed 1 second(s)

2018-08-20 16:20:35 - [MESSAGE][PASSED] - Delayed 1 second(s)

2018-08-20 16:20:35 - [TEST_STEP][PASSED] - com.JavascriptClick.clickUsingJS: com.JavascriptClick.clickUsingJS is PASSED

2018-08-20 16:20:35 - [MESSAGE][PASSED] - com.JavascriptClick.clickUsingJS is PASSED

2018-08-20 16:20:35 - [TEST_STEP][PASSED] - delay: Delayed 1 second(s)

2018-08-20 16:20:36 - [MESSAGE][PASSED] - Delayed 1 second(s)

2018-08-20 16:20:36 - [TEST_STEP][PASSED] - com.JavascriptClick.clickUsingJS: com.JavascriptClick.clickUsingJS is PASSED

2018-08-20 16:20:36 - [MESSAGE][PASSED] - com.JavascriptClick.clickUsingJS is PASSED

2018-08-20 16:20:36 - [TEST_STEP][PASSED] - delay: Delayed 1 second(s)

2018-08-20 16:20:37 - [MESSAGE][PASSED] - Delayed 1 second(s)

2018-08-20 16:20:37 - [TEST_STEP][PASSED] - com.JavascriptClick.clickUsingJS: com.JavascriptClick.clickUsingJS is PASSED

2018-08-20 16:20:37 - [MESSAGE][PASSED] - com.JavascriptClick.clickUsingJS is PASSED

2018-08-20 16:20:37 - [TEST_STEP][PASSED] - delay: Delayed 1 second(s)

2018-08-20 16:20:38 - [MESSAGE][PASSED] - Delayed 1 second(s)

2018-08-20 16:20:38 - [TEST_STEP][PASSED] - com.JavascriptClick.clickUsingJS: com.JavascriptClick.clickUsingJS is PASSED

2018-08-20 16:20:38 - [MESSAGE][PASSED] - com.JavascriptClick.clickUsingJS is PASSED

2018-08-20 16:20:38 - [TEST_STEP][PASSED] - delay: Delayed 1 second(s)

2018-08-20 16:20:39 - [MESSAGE][PASSED] - Delayed 1 second(s)

2018-08-20 16:20:39 - [TEST_STEP][PASSED] - com.JavascriptClick.clickUsingJS: com.JavascriptClick.clickUsingJS is PASSED

2018-08-20 16:20:39 - [MESSAGE][PASSED] - com.JavascriptClick.clickUsingJS is PASSED

2018-08-20 16:20:39 - [TEST_STEP][PASSED] - delay: Delayed 1 second(s)

2018-08-20 16:20:40 - [MESSAGE][PASSED] - Delayed 1 second(s)

2018-08-20 16:20:40 - [TEST_STEP][PASSED] - com.JavascriptClick.clickUsingJS: com.JavascriptClick.clickUsingJS is PASSED

2018-08-20 16:20:40 - [MESSAGE][PASSED] - com.JavascriptClick.clickUsingJS is PASSED

2018-08-20 16:20:40 - [TEST_STEP][PASSED] - delay: Delayed 1 second(s)

2018-08-20 16:20:41 - [MESSAGE][PASSED] - Delayed 1 second(s)

2018-08-20 16:20:41 - [TEST_STEP][PASSED] - com.JavascriptClick.clickUsingJS: com.JavascriptClick.clickUsingJS is PASSED

2018-08-20 16:20:41 - [MESSAGE][PASSED] - com.JavascriptClick.clickUsingJS is PASSED

2018-08-20 16:20:41 - [TEST_STEP][PASSED] - delay: Delayed 1 second(s)

2018-08-20 16:20:42 - [MESSAGE][PASSED] - Delayed 1 second(s)

2018-08-20 16:20:42 - [TEST_STEP][PASSED] - com.JavascriptClick.clickUsingJS: com.JavascriptClick.clickUsingJS is PASSED

2018-08-20 16:20:42 - [MESSAGE][PASSED] - com.JavascriptClick.clickUsingJS is PASSED

2018-08-20 16:20:42 - [TEST_STEP][PASSED] - delay: Delayed 1 second(s)

2018-08-20 16:20:43 - [MESSAGE][PASSED] - Delayed 1 second(s)

2018-08-20 16:20:43 - [TEST_STEP][PASSED] - com.JavascriptClick.clickUsingJS: com.JavascriptClick.clickUsingJS is PASSED

2018-08-20 16:20:43 - [MESSAGE][PASSED] - com.JavascriptClick.clickUsingJS is PASSED

2018-08-20 16:20:43 - [TEST_STEP][PASSED] - delay: Delayed 1 second(s)

2018-08-20 16:20:44 - [MESSAGE][PASSED] - Delayed 1 second(s)

2018-08-20 16:20:44 - [TEST_STEP][PASSED] - com.JavascriptClick.clickUsingJS: com.JavascriptClick.clickUsingJS is PASSED

2018-08-20 16:20:44 - [MESSAGE][PASSED] - com.JavascriptClick.clickUsingJS is PASSED

2018-08-20 16:20:44 - [TEST_STEP][PASSED] - delay: Delayed 1 second(s)

2018-08-20 16:20:45 - [MESSAGE][PASSED] - Delayed 1 second(s)

2018-08-20 16:20:45 - [TEST_STEP][PASSED] - com.JavascriptClick.clickUsingJS: com.JavascriptClick.clickUsingJS is PASSED

2018-08-20 16:20:46 - [MESSAGE][PASSED] - com.JavascriptClick.clickUsingJS is PASSED

2018-08-20 16:20:46 - [TEST_STEP][PASSED] - delay: Delayed 1 second(s)

2018-08-20 16:20:47 - [MESSAGE][PASSED] - Delayed 1 second(s)

2018-08-20 16:20:47 - [TEST_STEP][PASSED] - com.JavascriptClick.clickUsingJS: com.JavascriptClick.clickUsingJS is PASSED

2018-08-20 16:20:47 - [MESSAGE][PASSED] - com.JavascriptClick.clickUsingJS is PASSED

2018-08-20 16:20:47 - [TEST_STEP][PASSED] - delay: Delayed 1 second(s)

2018-08-20 16:20:48 - [MESSAGE][PASSED] - Delayed 1 second(s)

2018-08-20 16:20:48 - [TEST_STEP][PASSED] - com.JavascriptClick.clickUsingJS: com.JavascriptClick.clickUsingJS is PASSED

2018-08-20 16:20:48 - [MESSAGE][PASSED] - com.JavascriptClick.clickUsingJS is PASSED

2018-08-20 16:20:48 - [TEST_STEP][PASSED] - delay: Delayed 1 second(s)

2018-08-20 16:20:49 - [MESSAGE][PASSED] - Delayed 1 second(s)

2018-08-20 16:20:49 - [TEST_STEP][PASSED] - com.JavascriptClick.clickUsingJS: com.JavascriptClick.clickUsingJS is PASSED

2018-08-20 16:20:49 - [MESSAGE][PASSED] - com.JavascriptClick.clickUsingJS is PASSED

2018-08-20 16:20:49 - [TEST_STEP][PASSED] - delay: Delayed 1 second(s)

2018-08-20 16:20:50 - [MESSAGE][PASSED] - Delayed 1 second(s)

2018-08-20 16:20:50 - [TEST_STEP][PASSED] - com.JavascriptClick.clickUsingJS: com.JavascriptClick.clickUsingJS is PASSED

2018-08-20 16:20:50 - [MESSAGE][PASSED] - com.JavascriptClick.clickUsingJS is PASSED

2018-08-20 16:20:50 - [TEST_STEP][PASSED] - delay: Delayed 1 second(s)

2018-08-20 16:20:51 - [MESSAGE][PASSED] - Delayed 1 second(s)

2018-08-20 16:20:51 - [TEST_STEP][PASSED] - com.JavascriptClick.clickUsingJS: com.JavascriptClick.clickUsingJS is PASSED

2018-08-20 16:20:51 - [MESSAGE][PASSED] - com.JavascriptClick.clickUsingJS is PASSED

2018-08-20 16:20:51 - [TEST_STEP][PASSED] - delay: Delayed 1 second(s)

2018-08-20 16:20:52 - [MESSAGE][PASSED] - Delayed 1 second(s)

2018-08-20 16:20:52 - [TEST_STEP][PASSED] - com.JavascriptClick.clickUsingJS: com.JavascriptClick.clickUsingJS is PASSED

2018-08-20 16:20:52 - [MESSAGE][PASSED] - com.JavascriptClick.clickUsingJS is PASSED

2018-08-20 16:20:52 - [TEST_STEP][PASSED] - delay: Delayed 1 second(s)

2018-08-20 16:20:53 - [MESSAGE][PASSED] - Delayed 1 second(s)

2018-08-20 16:20:53 - [TEST_STEP][PASSED] - com.JavascriptClick.clickUsingJS: com.JavascriptClick.clickUsingJS is PASSED

2018-08-20 16:20:53 - [MESSAGE][PASSED] - com.JavascriptClick.clickUsingJS is PASSED

2018-08-20 16:20:53 - [TEST_STEP][PASSED] - delay: Delayed 1 second(s)

2018-08-20 16:20:54 - [MESSAGE][PASSED] - Delayed 1 second(s)

2018-08-20 16:20:54 - [TEST_STEP][PASSED] - com.JavascriptClick.clickUsingJS: com.JavascriptClick.clickUsingJS is PASSED

2018-08-20 16:20:54 - [MESSAGE][PASSED] - com.JavascriptClick.clickUsingJS is PASSED

2018-08-20 16:20:54 - [TEST_STEP][PASSED] - delay: Delayed 1 second(s)

2018-08-20 16:20:55 - [MESSAGE][PASSED] - Delayed 1 second(s)

2018-08-20 16:20:55 - [TEST_STEP][PASSED] - com.JavascriptClick.clickUsingJS: com.JavascriptClick.clickUsingJS is PASSED

2018-08-20 16:20:55 - [MESSAGE][PASSED] - com.JavascriptClick.clickUsingJS is PASSED

2018-08-20 16:20:55 - [TEST_STEP][PASSED] - delay: Delayed 1 second(s)

2018-08-20 16:20:56 - [MESSAGE][PASSED] - Delayed 1 second(s)

2018-08-20 16:20:56 - [TEST_STEP][PASSED] - com.JavascriptClick.clickUsingJS: com.JavascriptClick.clickUsingJS is PASSED

2018-08-20 16:20:56 - [MESSAGE][PASSED] - com.JavascriptClick.clickUsingJS is PASSED

2018-08-20 16:20:56 - [TEST_STEP][PASSED] - delay: Delayed 1 second(s)

2018-08-20 16:20:57 - [MESSAGE][PASSED] - Delayed 1 second(s)

2018-08-20 16:20:57 - [TEST_STEP][PASSED] - com.JavascriptClick.clickUsingJS: com.JavascriptClick.clickUsingJS is PASSED

2018-08-20 16:20:57 - [MESSAGE][PASSED] - com.JavascriptClick.clickUsingJS is PASSED

2018-08-20 16:20:57 - [TEST_STEP][PASSED] - delay: Delayed 1 second(s)

2018-08-20 16:20:58 - [MESSAGE][PASSED] - Delayed 1 second(s)

2018-08-20 16:20:58 - [TEST_STEP][PASSED] - com.JavascriptClick.clickUsingJS: com.JavascriptClick.clickUsingJS is PASSED

2018-08-20 16:20:58 - [MESSAGE][PASSED] - com.JavascriptClick.clickUsingJS is PASSED

2018-08-20 16:20:58 - [TEST_STEP][PASSED] - delay: Delayed 1 second(s)

2018-08-20 16:20:59 - [MESSAGE][PASSED] - Delayed 1 second(s)

2018-08-20 16:20:59 - [TEST_STEP][PASSED] - com.JavascriptClick.clickUsingJS: com.JavascriptClick.clickUsingJS is PASSED

2018-08-20 16:20:59 - [MESSAGE][PASSED] - com.JavascriptClick.clickUsingJS is PASSED

2018-08-20 16:20:59 - [TEST_STEP][PASSED] - delay: Delayed 1 second(s)

2018-08-20 16:21:00 - [MESSAGE][PASSED] - Delayed 1 second(s)

2018-08-20 16:21:00 - [TEST_STEP][PASSED] - com.JavascriptClick.clickUsingJS: com.JavascriptClick.clickUsingJS is PASSED

2018-08-20 16:21:00 - [MESSAGE][PASSED] - com.JavascriptClick.clickUsingJS is PASSED

2018-08-20 16:21:00 - [TEST_STEP][PASSED] - delay: Delayed 1 second(s)

2018-08-20 16:21:01 - [MESSAGE][PASSED] - Delayed 1 second(s)

2018-08-20 16:21:01 - [TEST_STEP][PASSED] - com.JavascriptClick.clickUsingJS: com.JavascriptClick.clickUsingJS is PASSED

2018-08-20 16:21:01 - [MESSAGE][PASSED] - com.JavascriptClick.clickUsingJS is PASSED

2018-08-20 16:21:01 - [TEST_STEP][PASSED] - delay: Delayed 1 second(s)

2018-08-20 16:21:02 - [MESSAGE][PASSED] - Delayed 1 second(s)

2018-08-20 16:21:02 - [TEST_STEP][PASSED] - com.JavascriptClick.clickUsingJS: com.JavascriptClick.clickUsingJS is PASSED

2018-08-20 16:21:02 - [MESSAGE][PASSED] - com.JavascriptClick.clickUsingJS is PASSED

2018-08-20 16:21:02 - [TEST_STEP][PASSED] - delay: Delayed 1 second(s)

2018-08-20 16:21:03 - [MESSAGE][PASSED] - Delayed 1 second(s)

2018-08-20 16:21:03 - [TEST_STEP][PASSED] - com.JavascriptClick.clickUsingJS: com.JavascriptClick.clickUsingJS is PASSED

2018-08-20 16:21:03 - [MESSAGE][PASSED] - com.JavascriptClick.clickUsingJS is PASSED

2018-08-20 16:21:03 - [TEST_STEP][PASSED] - delay: Delayed 1 second(s)

2018-08-20 16:21:04 - [MESSAGE][PASSED] - Delayed 1 second(s)

2018-08-20 16:21:04 - [TEST_STEP][PASSED] - com.JavascriptClick.clickUsingJS: com.JavascriptClick.clickUsingJS is PASSED

2018-08-20 16:21:05 - [MESSAGE][PASSED] - com.JavascriptClick.clickUsingJS is PASSED

2018-08-20 16:21:05 - [TEST_STEP][PASSED] - delay: Delayed 1 second(s)

2018-08-20 16:21:06 - [MESSAGE][PASSED] - Delayed 1 second(s)

2018-08-20 16:21:06 - [TEST_STEP][PASSED] - com.JavascriptClick.clickUsingJS: com.JavascriptClick.clickUsingJS is PASSED

2018-08-20 16:21:06 - [MESSAGE][PASSED] - com.JavascriptClick.clickUsingJS is PASSED

2018-08-20 16:21:06 - [TEST_STEP][PASSED] - delay: Delayed 1 second(s)

2018-08-20 16:21:07 - [MESSAGE][PASSED] - Delayed 1 second(s)

2018-08-20 16:21:07 - [TEST_STEP][PASSED] - com.JavascriptClick.clickUsingJS: com.JavascriptClick.clickUsingJS is PASSED

2018-08-20 16:21:07 - [MESSAGE][PASSED] - com.JavascriptClick.clickUsingJS is PASSED

2018-08-20 16:21:07 - [TEST_STEP][PASSED] - delay: Delayed 1 second(s)

2018-08-20 16:21:08 - [MESSAGE][PASSED] - Delayed 1 second(s)

2018-08-20 16:21:08 - [TEST_STEP][PASSED] - com.JavascriptClick.clickUsingJS: com.JavascriptClick.clickUsingJS is PASSED

2018-08-20 16:21:08 - [MESSAGE][PASSED] - com.JavascriptClick.clickUsingJS is PASSED

2018-08-20 16:21:08 - [TEST_STEP][PASSED] - delay: Delayed 1 second(s)

2018-08-20 16:21:09 - [MESSAGE][PASSED] - Delayed 1 second(s)

2018-08-20 16:21:09 - [TEST_STEP][PASSED] - com.JavascriptClick.clickUsingJS: com.JavascriptClick.clickUsingJS is PASSED

2018-08-20 16:21:09 - [MESSAGE][PASSED] - com.JavascriptClick.clickUsingJS is PASSED

2018-08-20 16:21:09 - [TEST_STEP][PASSED] - delay: Delayed 1 second(s)

2018-08-20 16:21:10 - [MESSAGE][PASSED] - Delayed 1 second(s)

2018-08-20 16:21:10 - [TEST_STEP][PASSED] - com.JavascriptClick.clickUsingJS: com.JavascriptClick.clickUsingJS is PASSED

2018-08-20 16:21:10 - [MESSAGE][PASSED] - com.JavascriptClick.clickUsingJS is PASSED

2018-08-20 16:21:10 - [TEST_STEP][PASSED] - delay: Delayed 1 second(s)

2018-08-20 16:21:11 - [MESSAGE][PASSED] - Delayed 1 second(s)

2018-08-20 16:21:11 - [TEST_STEP][PASSED] - com.JavascriptClick.clickUsingJS: com.JavascriptClick.clickUsingJS is PASSED

2018-08-20 16:21:11 - [MESSAGE][PASSED] - com.JavascriptClick.clickUsingJS is PASSED

2018-08-20 16:21:11 - [TEST_STEP][PASSED] - delay: Delayed 1 second(s)

2018-08-20 16:21:12 - [MESSAGE][PASSED] - Delayed 1 second(s)

2018-08-20 16:21:12 - [TEST_STEP][PASSED] - com.JavascriptClick.clickUsingJS: com.JavascriptClick.clickUsingJS is PASSED

2018-08-20 16:21:12 - [MESSAGE][PASSED] - com.JavascriptClick.clickUsingJS is PASSED

2018-08-20 16:21:12 - [TEST_STEP][PASSED] - delay: Delayed 1 second(s)

2018-08-20 16:21:13 - [MESSAGE][PASSED] - Delayed 1 second(s)

2018-08-20 16:21:13 - [TEST_STEP][PASSED] - com.JavascriptClick.clickUsingJS: com.JavascriptClick.clickUsingJS is PASSED

2018-08-20 16:21:13 - [MESSAGE][PASSED] - com.JavascriptClick.clickUsingJS is PASSED

2018-08-20 16:21:13 - [TEST_STEP][PASSED] - delay: Delayed 1 second(s)

2018-08-20 16:21:14 - [MESSAGE][PASSED] - Delayed 1 second(s)

2018-08-20 16:21:14 - [TEST_STEP][PASSED] - com.JavascriptClick.clickUsingJS: com.JavascriptClick.clickUsingJS is PASSED

2018-08-20 16:21:14 - [MESSAGE][PASSED] - com.JavascriptClick.clickUsingJS is PASSED

2018-08-20 16:21:14 - [TEST_STEP][PASSED] - delay: Delayed 1 second(s)

2018-08-20 16:21:15 - [MESSAGE][PASSED] - Delayed 1 second(s)

2018-08-20 16:21:15 - [TEST_STEP][PASSED] - com.JavascriptClick.clickUsingJS: com.JavascriptClick.clickUsingJS is PASSED

2018-08-20 16:21:15 - [MESSAGE][PASSED] - com.JavascriptClick.clickUsingJS is PASSED

2018-08-20 16:21:15 - [TEST_STEP][PASSED] - delay: Delayed 1 second(s)

2018-08-20 16:21:16 - [MESSAGE][PASSED] - Delayed 1 second(s)

2018-08-20 16:21:16 - [TEST_STEP][PASSED] - com.JavascriptClick.clickUsingJS: com.JavascriptClick.clickUsingJS is PASSED

2018-08-20 16:21:16 - [MESSAGE][PASSED] - com.JavascriptClick.clickUsingJS is PASSED

2018-08-20 16:21:16 - [TEST_STEP][PASSED] - delay: Delayed 1 second(s)

2018-08-20 16:21:17 - [MESSAGE][PASSED] - Delayed 1 second(s)

2018-08-20 16:21:17 - [TEST_STEP][PASSED] - com.JavascriptClick.clickUsingJS: com.JavascriptClick.clickUsingJS is PASSED

2018-08-20 16:21:17 - [MESSAGE][PASSED] - com.JavascriptClick.clickUsingJS is PASSED

2018-08-20 16:21:17 - [TEST_STEP][PASSED] - delay: Delayed 1 second(s)

2018-08-20 16:21:18 - [MESSAGE][PASSED] - Delayed 1 second(s)

2018-08-20 16:21:18 - [TEST_STEP][PASSED] - click: Object: 'Object Repository/Page_subjcetInterest/page_testinterest/Page_/li_66' is clicked on

2018-08-20 16:21:18 - [MESSAGE][PASSED] - Object: 'Object Repository/Page_subjcetInterest/page_testinterest/Page_/li_66' is clicked on

2018-08-20 16:21:18 - [TEST_STEP][PASSED] - delay: Delayed 5 second(s)

2018-08-20 16:21:23 - [MESSAGE][PASSED] - Delayed 5 second(s)

2018-08-20 16:21:23 - [TEST_STEP][PASSED] - click: Object: 'Object Repository/Page_subjcetInterest/page_test/Page_/button_submit (2)' is clicked on

2018-08-20 16:21:23 - [MESSAGE][PASSED] - Object: 'Object Repository/Page_subjcetInterest/page_test/Page_/button_submit (2)' is clicked on

2018-08-20 16:21:23 - [TEST_STEP][PASSED] - delay: Delayed 5 second(s)

2018-08-20 16:21:28 - [MESSAGE][PASSED] - Delayed 5 second(s)]]></system-out>
         <system-err><![CDATA[]]></system-err>
      </testcase>
      <testcase name="Test Cases/Main Test Cases/subjectInterest/subjectIntestSort" classname="Test Cases/Main Test Cases/subjectInterest/subjectIntestSort" status="FAILED">
         <failure type="FAILED" message="Unable to click on object 'Object Repository/Page_subjcetInterest/page_sort/Page_/div_chemistry' (Root cause: org.openqa.selenium.WebDriverException: unknown error: Element &lt;div class=&quot;subject-name&quot; data-reactid=&quot;.0.0.0.0.0.1.2.1.0.0.0.2.0.1&quot;>...&lt;/div> is not clickable at point (781, 503). Other element would receive the click: &lt;div class=&quot;subject-name&quot; data-reactid=&quot;.0.0.0.0.0.1.2.1.0.0.0.3.0.1&quot;>...&lt;/div>
  (Session info: chrome=68.0.3440.106)
  (Driver info: chromedriver=2.35.528161 (5b82f2d2aae0ca24b877009200ced9065a772e73),platform=Windows NT 10.0.17134 x86_64) (WARNING: The server did not provide any stacktrace information)
Command duration or timeout: 0 milliseconds
Build info: version: '3.7.1', revision: '8a0099a', time: '2017-11-06T21:07:36.161Z'
System info: host: 'DESKTOP-EV1AU39', ip: '192.168.2.140', os.name: 'Windows 10', os.arch: 'amd64', os.version: '10.0', java.version: '1.8.0_102'
Driver info: com.kms.katalon.selenium.driver.CChromeDriver
Capabilities {acceptInsecureCerts: false, acceptSslCerts: false, applicationCacheEnabled: false, browserConnectionEnabled: false, browserName: chrome, chrome: {chromedriverVersion: 2.35.528161 (5b82f2d2aae0ca..., userDataDir: C:\Users\41776\AppData\Loca...}, cssSelectorsEnabled: true, databaseEnabled: false, handlesAlerts: true, hasTouchScreen: false, javascriptEnabled: true, locationContextEnabled: true, mobileEmulationEnabled: false, nativeEvents: true, networkConnectionEnabled: false, pageLoadStrategy: normal, platform: XP, platformName: XP, rotatable: false, setWindowRect: true, takesHeapSnapshot: true, takesScreenshot: true, unexpectedAlertBehaviour: , unhandledPromptBehavior: , version: 68.0.3440.106, webStorageEnabled: true}
Session ID: 93ba3b908b2473103df3c9d85e88bbd7)"/>
         <system-out><![CDATA[2018-08-20 16:21:28 - [TEST_CASE][FAILED] - Test Cases/Main Test Cases/subjectInterest/subjectIntestSort: Test Cases/Main Test Cases/subjectInterest/subjectIntestSort FAILED because (of) Unable to click on object 'Object Repository/Page_subjcetInterest/page_sort/Page_/div_chemistry' (Root cause: org.openqa.selenium.WebDriverException: unknown error: Element <div class="subject-name" data-reactid=".0.0.0.0.0.1.2.1.0.0.0.2.0.1">...</div> is not clickable at point (781, 503). Other element would receive the click: <div class="subject-name" data-reactid=".0.0.0.0.0.1.2.1.0.0.0.3.0.1">...</div>
  (Session info: chrome=68.0.3440.106)
  (Driver info: chromedriver=2.35.528161 (5b82f2d2aae0ca24b877009200ced9065a772e73),platform=Windows NT 10.0.17134 x86_64) (WARNING: The server did not provide any stacktrace information)
Command duration or timeout: 0 milliseconds
Build info: version: '3.7.1', revision: '8a0099a', time: '2017-11-06T21:07:36.161Z'
System info: host: 'DESKTOP-EV1AU39', ip: '192.168.2.140', os.name: 'Windows 10', os.arch: 'amd64', os.version: '10.0', java.version: '1.8.0_102'
Driver info: com.kms.katalon.selenium.driver.CChromeDriver
Capabilities {acceptInsecureCerts: false, acceptSslCerts: false, applicationCacheEnabled: false, browserConnectionEnabled: false, browserName: chrome, chrome: {chromedriverVersion: 2.35.528161 (5b82f2d2aae0ca..., userDataDir: C:\Users\41776\AppData\Loca...}, cssSelectorsEnabled: true, databaseEnabled: false, handlesAlerts: true, hasTouchScreen: false, javascriptEnabled: true, locationContextEnabled: true, mobileEmulationEnabled: false, nativeEvents: true, networkConnectionEnabled: false, pageLoadStrategy: normal, platform: XP, platformName: XP, rotatable: false, setWindowRect: true, takesHeapSnapshot: true, takesScreenshot: true, unexpectedAlertBehaviour: , unhandledPromptBehavior: , version: 68.0.3440.106, webStorageEnabled: true}
Session ID: 93ba3b908b2473103df3c9d85e88bbd7)

2018-08-20 16:21:29 - [TEST_STEP][PASSED] - click: Object: 'Object Repository/Page_subjcetInterest/page_sort/Page_/div_subjectinterestitem' is clicked on

2018-08-20 16:21:43 - [MESSAGE][PASSED] - Object: 'Object Repository/Page_subjcetInterest/page_sort/Page_/div_subjectinterestitem' is clicked on

2018-08-20 16:21:43 - [TEST_STEP][PASSED] - click: Object: 'Object Repository/Page_subjcetInterest/page_sort/Page_/div_physical' is clicked on

2018-08-20 16:21:43 - [MESSAGE][PASSED] - Object: 'Object Repository/Page_subjcetInterest/page_sort/Page_/div_physical' is clicked on

2018-08-20 16:21:43 - [TEST_STEP][FAILED] - click: Unable to click on object 'Object Repository/Page_subjcetInterest/page_sort/Page_/div_chemistry' (Root cause: org.openqa.selenium.WebDriverException: unknown error: Element <div class="subject-name" data-reactid=".0.0.0.0.0.1.2.1.0.0.0.2.0.1">...</div> is not clickable at point (781, 503). Other element would receive the click: <div class="subject-name" data-reactid=".0.0.0.0.0.1.2.1.0.0.0.3.0.1">...</div>
  (Session info: chrome=68.0.3440.106)
  (Driver info: chromedriver=2.35.528161 (5b82f2d2aae0ca24b877009200ced9065a772e73),platform=Windows NT 10.0.17134 x86_64) (WARNING: The server did not provide any stacktrace information)
Command duration or timeout: 0 milliseconds
Build info: version: '3.7.1', revision: '8a0099a', time: '2017-11-06T21:07:36.161Z'
System info: host: 'DESKTOP-EV1AU39', ip: '192.168.2.140', os.name: 'Windows 10', os.arch: 'amd64', os.version: '10.0', java.version: '1.8.0_102'
Driver info: com.kms.katalon.selenium.driver.CChromeDriver
Capabilities {acceptInsecureCerts: false, acceptSslCerts: false, applicationCacheEnabled: false, browserConnectionEnabled: false, browserName: chrome, chrome: {chromedriverVersion: 2.35.528161 (5b82f2d2aae0ca..., userDataDir: C:\Users\41776\AppData\Loca...}, cssSelectorsEnabled: true, databaseEnabled: false, handlesAlerts: true, hasTouchScreen: false, javascriptEnabled: true, locationContextEnabled: true, mobileEmulationEnabled: false, nativeEvents: true, networkConnectionEnabled: false, pageLoadStrategy: normal, platform: XP, platformName: XP, rotatable: false, setWindowRect: true, takesHeapSnapshot: true, takesScreenshot: true, unexpectedAlertBehaviour: , unhandledPromptBehavior: , version: 68.0.3440.106, webStorageEnabled: true}
Session ID: 93ba3b908b2473103df3c9d85e88bbd7)

2018-08-20 16:21:43 - [MESSAGE][FAILED] - Unable to click on object 'Object Repository/Page_subjcetInterest/page_sort/Page_/div_chemistry' (Root cause: org.openqa.selenium.WebDriverException: unknown error: Element <div class="subject-name" data-reactid=".0.0.0.0.0.1.2.1.0.0.0.2.0.1">...</div> is not clickable at point (781, 503). Other element would receive the click: <div class="subject-name" data-reactid=".0.0.0.0.0.1.2.1.0.0.0.3.0.1">...</div>
  (Session info: chrome=68.0.3440.106)
  (Driver info: chromedriver=2.35.528161 (5b82f2d2aae0ca24b877009200ced9065a772e73),platform=Windows NT 10.0.17134 x86_64) (WARNING: The server did not provide any stacktrace information)
Command duration or timeout: 0 milliseconds
Build info: version: '3.7.1', revision: '8a0099a', time: '2017-11-06T21:07:36.161Z'
System info: host: 'DESKTOP-EV1AU39', ip: '192.168.2.140', os.name: 'Windows 10', os.arch: 'amd64', os.version: '10.0', java.version: '1.8.0_102'
Driver info: com.kms.katalon.selenium.driver.CChromeDriver
Capabilities {acceptInsecureCerts: false, acceptSslCerts: false, applicationCacheEnabled: false, browserConnectionEnabled: false, browserName: chrome, chrome: {chromedriverVersion: 2.35.528161 (5b82f2d2aae0ca..., userDataDir: C:\Users\41776\AppData\Loca...}, cssSelectorsEnabled: true, databaseEnabled: false, handlesAlerts: true, hasTouchScreen: false, javascriptEnabled: true, locationContextEnabled: true, mobileEmulationEnabled: false, nativeEvents: true, networkConnectionEnabled: false, pageLoadStrategy: normal, platform: XP, platformName: XP, rotatable: false, setWindowRect: true, takesHeapSnapshot: true, takesScreenshot: true, unexpectedAlertBehaviour: , unhandledPromptBehavior: , version: 68.0.3440.106, webStorageEnabled: true}
Session ID: 93ba3b908b2473103df3c9d85e88bbd7)
[[ATTACHMENT|C:\\Users\\41776\\Desktop\\study\\optionalTest\\Reports\\smoke Test\\chooseStudent\\20180820_161930\\1534753303497.png]]]]></system-out>
         <system-err><![CDATA[2018-08-20 16:21:28 - [TEST_CASE][FAILED] - Test Cases/Main Test Cases/subjectInterest/subjectIntestSort: Test Cases/Main Test Cases/subjectInterest/subjectIntestSort FAILED because (of) Unable to click on object 'Object Repository/Page_subjcetInterest/page_sort/Page_/div_chemistry' (Root cause: org.openqa.selenium.WebDriverException: unknown error: Element <div class="subject-name" data-reactid=".0.0.0.0.0.1.2.1.0.0.0.2.0.1">...</div> is not clickable at point (781, 503). Other element would receive the click: <div class="subject-name" data-reactid=".0.0.0.0.0.1.2.1.0.0.0.3.0.1">...</div>
  (Session info: chrome=68.0.3440.106)
  (Driver info: chromedriver=2.35.528161 (5b82f2d2aae0ca24b877009200ced9065a772e73),platform=Windows NT 10.0.17134 x86_64) (WARNING: The server did not provide any stacktrace information)
Command duration or timeout: 0 milliseconds
Build info: version: '3.7.1', revision: '8a0099a', time: '2017-11-06T21:07:36.161Z'
System info: host: 'DESKTOP-EV1AU39', ip: '192.168.2.140', os.name: 'Windows 10', os.arch: 'amd64', os.version: '10.0', java.version: '1.8.0_102'
Driver info: com.kms.katalon.selenium.driver.CChromeDriver
Capabilities {acceptInsecureCerts: false, acceptSslCerts: false, applicationCacheEnabled: false, browserConnectionEnabled: false, browserName: chrome, chrome: {chromedriverVersion: 2.35.528161 (5b82f2d2aae0ca..., userDataDir: C:\Users\41776\AppData\Loca...}, cssSelectorsEnabled: true, databaseEnabled: false, handlesAlerts: true, hasTouchScreen: false, javascriptEnabled: true, locationContextEnabled: true, mobileEmulationEnabled: false, nativeEvents: true, networkConnectionEnabled: false, pageLoadStrategy: normal, platform: XP, platformName: XP, rotatable: false, setWindowRect: true, takesHeapSnapshot: true, takesScreenshot: true, unexpectedAlertBehaviour: , unhandledPromptBehavior: , version: 68.0.3440.106, webStorageEnabled: true}
Session ID: 93ba3b908b2473103df3c9d85e88bbd7)]]></system-err>
      </testcase>
      <system-out><![CDATA[2018-08-20 16:19:31 - [TEST_SUITE][FAILED] - chooseStudent: Test Cases/Main Test Cases/subjectInterest/subjectIntestSort FAILED because (of) Unable to click on object 'Object Repository/Page_subjcetInterest/page_sort/Page_/div_chemistry' (Root cause: org.openqa.selenium.WebDriverException: unknown error: Element <div class="subject-name" data-reactid=".0.0.0.0.0.1.2.1.0.0.0.2.0.1">...</div> is not clickable at point (781, 503). Other element would receive the click: <div class="subject-name" data-reactid=".0.0.0.0.0.1.2.1.0.0.0.3.0.1">...</div>
  (Session info: chrome=68.0.3440.106)
  (Driver info: chromedriver=2.35.528161 (5b82f2d2aae0ca24b877009200ced9065a772e73),platform=Windows NT 10.0.17134 x86_64) (WARNING: The server did not provide any stacktrace information)
Command duration or timeout: 0 milliseconds
Build info: version: '3.7.1', revision: '8a0099a', time: '2017-11-06T21:07:36.161Z'
System info: host: 'DESKTOP-EV1AU39', ip: '192.168.2.140', os.name: 'Windows 10', os.arch: 'amd64', os.version: '10.0', java.version: '1.8.0_102'
Driver info: com.kms.katalon.selenium.driver.CChromeDriver
Capabilities {acceptInsecureCerts: false, acceptSslCerts: false, applicationCacheEnabled: false, browserConnectionEnabled: false, browserName: chrome, chrome: {chromedriverVersion: 2.35.528161 (5b82f2d2aae0ca..., userDataDir: C:\Users\41776\AppData\Loca...}, cssSelectorsEnabled: true, databaseEnabled: false, handlesAlerts: true, hasTouchScreen: false, javascriptEnabled: true, locationContextEnabled: true, mobileEmulationEnabled: false, nativeEvents: true, networkConnectionEnabled: false, pageLoadStrategy: normal, platform: XP, platformName: XP, rotatable: false, setWindowRect: true, takesHeapSnapshot: true, takesScreenshot: true, unexpectedAlertBehaviour: , unhandledPromptBehavior: , version: 68.0.3440.106, webStorageEnabled: true}
Session ID: 93ba3b908b2473103df3c9d85e88bbd7)]]></system-out>
      <system-err><![CDATA[2018-08-20 16:19:31 - [TEST_SUITE][FAILED] - chooseStudent: Test Cases/Main Test Cases/subjectInterest/subjectIntestSort FAILED because (of) Unable to click on object 'Object Repository/Page_subjcetInterest/page_sort/Page_/div_chemistry' (Root cause: org.openqa.selenium.WebDriverException: unknown error: Element <div class="subject-name" data-reactid=".0.0.0.0.0.1.2.1.0.0.0.2.0.1">...</div> is not clickable at point (781, 503). Other element would receive the click: <div class="subject-name" data-reactid=".0.0.0.0.0.1.2.1.0.0.0.3.0.1">...</div>
  (Session info: chrome=68.0.3440.106)
  (Driver info: chromedriver=2.35.528161 (5b82f2d2aae0ca24b877009200ced9065a772e73),platform=Windows NT 10.0.17134 x86_64) (WARNING: The server did not provide any stacktrace information)
Command duration or timeout: 0 milliseconds
Build info: version: '3.7.1', revision: '8a0099a', time: '2017-11-06T21:07:36.161Z'
System info: host: 'DESKTOP-EV1AU39', ip: '192.168.2.140', os.name: 'Windows 10', os.arch: 'amd64', os.version: '10.0', java.version: '1.8.0_102'
Driver info: com.kms.katalon.selenium.driver.CChromeDriver
Capabilities {acceptInsecureCerts: false, acceptSslCerts: false, applicationCacheEnabled: false, browserConnectionEnabled: false, browserName: chrome, chrome: {chromedriverVersion: 2.35.528161 (5b82f2d2aae0ca..., userDataDir: C:\Users\41776\AppData\Loca...}, cssSelectorsEnabled: true, databaseEnabled: false, handlesAlerts: true, hasTouchScreen: false, javascriptEnabled: true, locationContextEnabled: true, mobileEmulationEnabled: false, nativeEvents: true, networkConnectionEnabled: false, pageLoadStrategy: normal, platform: XP, platformName: XP, rotatable: false, setWindowRect: true, takesHeapSnapshot: true, takesScreenshot: true, unexpectedAlertBehaviour: , unhandledPromptBehavior: , version: 68.0.3440.106, webStorageEnabled: true}
Session ID: 93ba3b908b2473103df3c9d85e88bbd7)]]></system-err>
   </testsuite>
</testsuites>
