<?xml version="1.0" encoding="UTF-8"?>
<testsuites name="chooseStudent" time="32" tests="2" failures="2" errors="0">
   <testsuite name="chooseStudent" tests="2" failures="2" errors="0" time="32" timestamp="2018-08-20 17:26:56" hostname="41776 - DESKTOP-EV1AU39" id="Test Suites/smoke Test/chooseStudent">
      <properties>
         <property name="deviceName" value=""/>
         <property name="devicePlatform" value=""/>
         <property name="logFolder" value="C:\\Users\\41776\\Desktop\\study\\optionalTest\\Reports\\smoke Test\\chooseStudent\\20180820_172655"/>
         <property name="logFiles" value="C:\\Users\\41776\\Desktop\\study\\optionalTest\\Reports\\smoke Test\\chooseStudent\\20180820_172655\\execution0.log"/>
         <property name="attachments" value="C:\\Users\\41776\\Desktop\\study\\optionalTest\\Reports\\smoke Test\\chooseStudent\\20180820_172655\\1534757241693.png, C:\\Users\\41776\\Desktop\\study\\optionalTest\\Reports\\smoke Test\\chooseStudent\\20180820_172655\\1534757248232.png"/>
         <property name="hostName" value="41776 - DESKTOP-EV1AU39"/>
         <property name="os" value="Windows 10 64bit"/>
         <property name="katalonVersion" value="5.6.0.1"/>
         <property name="browser" value="Chrome 68.0.3440.106"/>
         <property name="hostAddress" value="192.168.2.140"/>
         <property name="sessionId" value="a4e6d8d053d5d0ff49c8d78a4997ae39"/>
         <property name="seleniumVersion" value="3.7.1"/>
         <property name="proxyInformation" value="ProxyInformation{proxyOption=NO_PROXY, proxyServerType=HTTP, password=, proxyServerAddress=, proxyServerPort=0}"/>
         <property name="platform" value="Windows 10"/>
      </properties>
      <testcase name="Test Cases/Common Test Cases/loginstudent" classname="Test Cases/Common Test Cases/loginstudent" status="PASSED">
         <system-out><![CDATA[2018-08-20 17:26:57 - [TEST_CASE][PASSED] - Test Cases/Common Test Cases/loginstudent: Test Cases/Common Test Cases/loginstudent

2018-08-20 17:26:57 - [TEST_STEP][PASSED] - Statement - data = com.kms.katalon.core.testdata.TestDataFactory.findTestData(account): Test data is internal data, reading internal data

2018-08-20 17:26:57 - [TEST_STEP][PASSED] - Statement - For (def index : (0..(data.getRowNumbers() - 1))): Object: 'Object Repository/webpage/Page_login/button_login' is clicked on

2018-08-20 17:26:57 - [TEST_STEP][PASSED] - openBrowser: Browser is opened with url: ''

2018-08-20 17:27:00 - [MESSAGE][PASSED] - Browser is opened with url: ''

2018-08-20 17:27:00 - [TEST_STEP][PASSED] - navigateToUrl: Navigate to 'http://hangzhoudev.nicezhuanye.com/Nicezhuanye/webapp/login.html' successfully

2018-08-20 17:27:02 - [MESSAGE][PASSED] - Navigate to 'http://hangzhoudev.nicezhuanye.com/Nicezhuanye/webapp/login.html' successfully

2018-08-20 17:27:02 - [TEST_STEP][PASSED] - click: Object: 'Object Repository/webpage/Page_login/input_choiceschool' is clicked on

2018-08-20 17:27:03 - [MESSAGE][PASSED] - Object: 'Object Repository/webpage/Page_login/input_choiceschool' is clicked on

2018-08-20 17:27:03 - [TEST_STEP][PASSED] - click: Object: 'Object Repository/webpage/Page_login/Page_/li_test--ff' is clicked on

2018-08-20 17:27:03 - [MESSAGE][PASSED] - Object: 'Object Repository/webpage/Page_login/Page_/li_test--ff' is clicked on

2018-08-20 17:27:03 - [TEST_STEP][PASSED] - setText: Text 'gzh001' is set on object 'Object Repository/webpage/Page_login/input_account'

2018-08-20 17:27:03 - [MESSAGE][PASSED] - Text 'gzh001' is set on object 'Object Repository/webpage/Page_login/input_account'

2018-08-20 17:27:03 - [TEST_STEP][PASSED] - setText: Text 'gzh001' is set on object 'Object Repository/webpage/Page_login/input_pwd'

2018-08-20 17:27:03 - [MESSAGE][PASSED] - Text 'gzh001' is set on object 'Object Repository/webpage/Page_login/input_pwd'

2018-08-20 17:27:03 - [TEST_STEP][PASSED] - click: Object: 'Object Repository/webpage/Page_login/button_login' is clicked on

2018-08-20 17:27:04 - [MESSAGE][PASSED] - Object: 'Object Repository/webpage/Page_login/button_login' is clicked on]]></system-out>
         <system-err><![CDATA[]]></system-err>
      </testcase>
      <testcase name="Test Cases/Common Test Cases/changePassword" classname="Test Cases/Common Test Cases/changePassword" status="PASSED">
         <system-out><![CDATA[2018-08-20 17:27:04 - [TEST_CASE][PASSED] - Test Cases/Common Test Cases/changePassword: Test Cases/Common Test Cases/changePassword

2018-08-20 17:27:04 - [TEST_STEP][PASSED] - setText: Text 'gzh001' is set on object 'Object Repository/webpage/changePwd/Page_/input_oldPwd'

2018-08-20 17:27:05 - [MESSAGE][PASSED] - Text 'gzh001' is set on object 'Object Repository/webpage/changePwd/Page_/input_oldPwd'

2018-08-20 17:27:05 - [TEST_STEP][PASSED] - setText: Text 'aa123456' is set on object 'Object Repository/webpage/changePwd/Page_/input_newPwd'

2018-08-20 17:27:05 - [MESSAGE][PASSED] - Text 'aa123456' is set on object 'Object Repository/webpage/changePwd/Page_/input_newPwd'

2018-08-20 17:27:05 - [TEST_STEP][PASSED] - setText: Text 'aa123456' is set on object 'Object Repository/webpage/changePwd/Page_/input_confirmPwd'

2018-08-20 17:27:05 - [MESSAGE][PASSED] - Text 'aa123456' is set on object 'Object Repository/webpage/changePwd/Page_/input_confirmPwd'

2018-08-20 17:27:05 - [TEST_STEP][PASSED] - click: Object: 'Object Repository/webpage/changePwd/Page_/button_nextstep' is clicked on

2018-08-20 17:27:05 - [MESSAGE][PASSED] - Object: 'Object Repository/webpage/changePwd/Page_/button_nextstep' is clicked on

2018-08-20 17:27:05 - [TEST_STEP][PASSED] - delay: Delayed 2 second(s)

2018-08-20 17:27:07 - [MESSAGE][PASSED] - Delayed 2 second(s)

2018-08-20 17:27:07 - [TEST_STEP][PASSED] - setText: Text '1' is set on object 'Object Repository/webpage/changePwd/Page_/input_motherName'

2018-08-20 17:27:08 - [MESSAGE][PASSED] - Text '1' is set on object 'Object Repository/webpage/changePwd/Page_/input_motherName'

2018-08-20 17:27:08 - [TEST_STEP][PASSED] - delay: Delayed 2 second(s)

2018-08-20 17:27:10 - [MESSAGE][PASSED] - Delayed 2 second(s)

2018-08-20 17:27:10 - [TEST_STEP][PASSED] - setText: Text '1' is set on object 'Object Repository/webpage/changePwd/Page_/input_teacherName'

2018-08-20 17:27:10 - [MESSAGE][PASSED] - Text '1' is set on object 'Object Repository/webpage/changePwd/Page_/input_teacherName'

2018-08-20 17:27:10 - [TEST_STEP][PASSED] - delay: Delayed 5 second(s)

2018-08-20 17:27:15 - [MESSAGE][PASSED] - Delayed 5 second(s)

2018-08-20 17:27:15 - [TEST_STEP][PASSED] - click: Object: 'Object Repository/webpage/changePwd/Page_/button_submit' is clicked on

2018-08-20 17:27:15 - [MESSAGE][PASSED] - Object: 'Object Repository/webpage/changePwd/Page_/button_submit' is clicked on

2018-08-20 17:27:15 - [TEST_STEP][PASSED] - delay: Delayed 5 second(s)

2018-08-20 17:27:20 - [MESSAGE][PASSED] - Delayed 5 second(s)]]></system-out>
         <system-err><![CDATA[]]></system-err>
      </testcase>
      <testcase name="Test Cases/Main Test Cases/subjectInterest/subjectInterest" classname="Test Cases/Main Test Cases/subjectInterest/subjectInterest" status="FAILED">
         <failure type="FAILED" message="Unable to click on object 'Object Repository/Page_subjcetInterest/page_test/Page_/button_startTest1' (Root cause: org.openqa.selenium.ElementNotVisibleException: element not visible
  (Session info: chrome=68.0.3440.106)
  (Driver info: chromedriver=2.35.528161 (5b82f2d2aae0ca24b877009200ced9065a772e73),platform=Windows NT 10.0.17134 x86_64) (WARNING: The server did not provide any stacktrace information)
Command duration or timeout: 0 milliseconds
Build info: version: '3.7.1', revision: '8a0099a', time: '2017-11-06T21:07:36.161Z'
System info: host: 'DESKTOP-EV1AU39', ip: '192.168.2.140', os.name: 'Windows 10', os.arch: 'amd64', os.version: '10.0', java.version: '1.8.0_102'
Driver info: com.kms.katalon.selenium.driver.CChromeDriver
Capabilities {acceptInsecureCerts: false, acceptSslCerts: false, applicationCacheEnabled: false, browserConnectionEnabled: false, browserName: chrome, chrome: {chromedriverVersion: 2.35.528161 (5b82f2d2aae0ca..., userDataDir: C:\Users\41776\AppData\Loca...}, cssSelectorsEnabled: true, databaseEnabled: false, handlesAlerts: true, hasTouchScreen: false, javascriptEnabled: true, locationContextEnabled: true, mobileEmulationEnabled: false, nativeEvents: true, networkConnectionEnabled: false, pageLoadStrategy: normal, platform: XP, platformName: XP, rotatable: false, setWindowRect: true, takesHeapSnapshot: true, takesScreenshot: true, unexpectedAlertBehaviour: , unhandledPromptBehavior: , version: 68.0.3440.106, webStorageEnabled: true}
Session ID: a4e6d8d053d5d0ff49c8d78a4997ae39)"/>
         <system-out><![CDATA[2018-08-20 17:27:20 - [TEST_CASE][FAILED] - Test Cases/Main Test Cases/subjectInterest/subjectInterest: Test Cases/Main Test Cases/subjectInterest/subjectInterest FAILED because (of) Unable to click on object 'Object Repository/Page_subjcetInterest/page_test/Page_/button_startTest1' (Root cause: org.openqa.selenium.ElementNotVisibleException: element not visible
  (Session info: chrome=68.0.3440.106)
  (Driver info: chromedriver=2.35.528161 (5b82f2d2aae0ca24b877009200ced9065a772e73),platform=Windows NT 10.0.17134 x86_64) (WARNING: The server did not provide any stacktrace information)
Command duration or timeout: 0 milliseconds
Build info: version: '3.7.1', revision: '8a0099a', time: '2017-11-06T21:07:36.161Z'
System info: host: 'DESKTOP-EV1AU39', ip: '192.168.2.140', os.name: 'Windows 10', os.arch: 'amd64', os.version: '10.0', java.version: '1.8.0_102'
Driver info: com.kms.katalon.selenium.driver.CChromeDriver
Capabilities {acceptInsecureCerts: false, acceptSslCerts: false, applicationCacheEnabled: false, browserConnectionEnabled: false, browserName: chrome, chrome: {chromedriverVersion: 2.35.528161 (5b82f2d2aae0ca..., userDataDir: C:\Users\41776\AppData\Loca...}, cssSelectorsEnabled: true, databaseEnabled: false, handlesAlerts: true, hasTouchScreen: false, javascriptEnabled: true, locationContextEnabled: true, mobileEmulationEnabled: false, nativeEvents: true, networkConnectionEnabled: false, pageLoadStrategy: normal, platform: XP, platformName: XP, rotatable: false, setWindowRect: true, takesHeapSnapshot: true, takesScreenshot: true, unexpectedAlertBehaviour: , unhandledPromptBehavior: , version: 68.0.3440.106, webStorageEnabled: true}
Session ID: a4e6d8d053d5d0ff49c8d78a4997ae39)

2018-08-20 17:27:21 - [TEST_STEP][PASSED] - click: Object: 'Object Repository/Page_subjcetInterest/page_test/Page_/div_subjectInterestitem' is clicked on

2018-08-20 17:27:21 - [MESSAGE][PASSED] - Object: 'Object Repository/Page_subjcetInterest/page_test/Page_/div_subjectInterestitem' is clicked on

2018-08-20 17:27:21 - [TEST_STEP][FAILED] - click: Unable to click on object 'Object Repository/Page_subjcetInterest/page_test/Page_/button_startTest1' (Root cause: org.openqa.selenium.ElementNotVisibleException: element not visible
  (Session info: chrome=68.0.3440.106)
  (Driver info: chromedriver=2.35.528161 (5b82f2d2aae0ca24b877009200ced9065a772e73),platform=Windows NT 10.0.17134 x86_64) (WARNING: The server did not provide any stacktrace information)
Command duration or timeout: 0 milliseconds
Build info: version: '3.7.1', revision: '8a0099a', time: '2017-11-06T21:07:36.161Z'
System info: host: 'DESKTOP-EV1AU39', ip: '192.168.2.140', os.name: 'Windows 10', os.arch: 'amd64', os.version: '10.0', java.version: '1.8.0_102'
Driver info: com.kms.katalon.selenium.driver.CChromeDriver
Capabilities {acceptInsecureCerts: false, acceptSslCerts: false, applicationCacheEnabled: false, browserConnectionEnabled: false, browserName: chrome, chrome: {chromedriverVersion: 2.35.528161 (5b82f2d2aae0ca..., userDataDir: C:\Users\41776\AppData\Loca...}, cssSelectorsEnabled: true, databaseEnabled: false, handlesAlerts: true, hasTouchScreen: false, javascriptEnabled: true, locationContextEnabled: true, mobileEmulationEnabled: false, nativeEvents: true, networkConnectionEnabled: false, pageLoadStrategy: normal, platform: XP, platformName: XP, rotatable: false, setWindowRect: true, takesHeapSnapshot: true, takesScreenshot: true, unexpectedAlertBehaviour: , unhandledPromptBehavior: , version: 68.0.3440.106, webStorageEnabled: true}
Session ID: a4e6d8d053d5d0ff49c8d78a4997ae39)

2018-08-20 17:27:21 - [MESSAGE][FAILED] - Unable to click on object 'Object Repository/Page_subjcetInterest/page_test/Page_/button_startTest1' (Root cause: org.openqa.selenium.ElementNotVisibleException: element not visible
  (Session info: chrome=68.0.3440.106)
  (Driver info: chromedriver=2.35.528161 (5b82f2d2aae0ca24b877009200ced9065a772e73),platform=Windows NT 10.0.17134 x86_64) (WARNING: The server did not provide any stacktrace information)
Command duration or timeout: 0 milliseconds
Build info: version: '3.7.1', revision: '8a0099a', time: '2017-11-06T21:07:36.161Z'
System info: host: 'DESKTOP-EV1AU39', ip: '192.168.2.140', os.name: 'Windows 10', os.arch: 'amd64', os.version: '10.0', java.version: '1.8.0_102'
Driver info: com.kms.katalon.selenium.driver.CChromeDriver
Capabilities {acceptInsecureCerts: false, acceptSslCerts: false, applicationCacheEnabled: false, browserConnectionEnabled: false, browserName: chrome, chrome: {chromedriverVersion: 2.35.528161 (5b82f2d2aae0ca..., userDataDir: C:\Users\41776\AppData\Loca...}, cssSelectorsEnabled: true, databaseEnabled: false, handlesAlerts: true, hasTouchScreen: false, javascriptEnabled: true, locationContextEnabled: true, mobileEmulationEnabled: false, nativeEvents: true, networkConnectionEnabled: false, pageLoadStrategy: normal, platform: XP, platformName: XP, rotatable: false, setWindowRect: true, takesHeapSnapshot: true, takesScreenshot: true, unexpectedAlertBehaviour: , unhandledPromptBehavior: , version: 68.0.3440.106, webStorageEnabled: true}
Session ID: a4e6d8d053d5d0ff49c8d78a4997ae39)
[[ATTACHMENT|C:\\Users\\41776\\Desktop\\study\\optionalTest\\Reports\\smoke Test\\chooseStudent\\20180820_172655\\1534757241693.png]]]]></system-out>
         <system-err><![CDATA[2018-08-20 17:27:20 - [TEST_CASE][FAILED] - Test Cases/Main Test Cases/subjectInterest/subjectInterest: Test Cases/Main Test Cases/subjectInterest/subjectInterest FAILED because (of) Unable to click on object 'Object Repository/Page_subjcetInterest/page_test/Page_/button_startTest1' (Root cause: org.openqa.selenium.ElementNotVisibleException: element not visible
  (Session info: chrome=68.0.3440.106)
  (Driver info: chromedriver=2.35.528161 (5b82f2d2aae0ca24b877009200ced9065a772e73),platform=Windows NT 10.0.17134 x86_64) (WARNING: The server did not provide any stacktrace information)
Command duration or timeout: 0 milliseconds
Build info: version: '3.7.1', revision: '8a0099a', time: '2017-11-06T21:07:36.161Z'
System info: host: 'DESKTOP-EV1AU39', ip: '192.168.2.140', os.name: 'Windows 10', os.arch: 'amd64', os.version: '10.0', java.version: '1.8.0_102'
Driver info: com.kms.katalon.selenium.driver.CChromeDriver
Capabilities {acceptInsecureCerts: false, acceptSslCerts: false, applicationCacheEnabled: false, browserConnectionEnabled: false, browserName: chrome, chrome: {chromedriverVersion: 2.35.528161 (5b82f2d2aae0ca..., userDataDir: C:\Users\41776\AppData\Loca...}, cssSelectorsEnabled: true, databaseEnabled: false, handlesAlerts: true, hasTouchScreen: false, javascriptEnabled: true, locationContextEnabled: true, mobileEmulationEnabled: false, nativeEvents: true, networkConnectionEnabled: false, pageLoadStrategy: normal, platform: XP, platformName: XP, rotatable: false, setWindowRect: true, takesHeapSnapshot: true, takesScreenshot: true, unexpectedAlertBehaviour: , unhandledPromptBehavior: , version: 68.0.3440.106, webStorageEnabled: true}
Session ID: a4e6d8d053d5d0ff49c8d78a4997ae39)]]></system-err>
      </testcase>
      <testcase name="Test Cases/Main Test Cases/subjectInterest/subjectIntestSort" classname="Test Cases/Main Test Cases/subjectInterest/subjectIntestSort" status="FAILED">
         <failure type="FAILED" message="Unable to click on object 'Object Repository/Page_subjcetInterest/page_sort/Page_/div_chemistry' (Root cause: org.openqa.selenium.WebDriverException: unknown error: Element &lt;div class=&quot;subject-name&quot; data-reactid=&quot;.0.0.0.0.0.1.2.1.0.0.0.1.0.1&quot;>...&lt;/div> is not clickable at point (727, 503). Other element would receive the click: &lt;div class=&quot;subject-name&quot; data-reactid=&quot;.0.0.0.0.0.1.2.1.0.0.0.2.0.1&quot;>...&lt;/div>
  (Session info: chrome=68.0.3440.106)
  (Driver info: chromedriver=2.35.528161 (5b82f2d2aae0ca24b877009200ced9065a772e73),platform=Windows NT 10.0.17134 x86_64) (WARNING: The server did not provide any stacktrace information)
Command duration or timeout: 0 milliseconds
Build info: version: '3.7.1', revision: '8a0099a', time: '2017-11-06T21:07:36.161Z'
System info: host: 'DESKTOP-EV1AU39', ip: '192.168.2.140', os.name: 'Windows 10', os.arch: 'amd64', os.version: '10.0', java.version: '1.8.0_102'
Driver info: com.kms.katalon.selenium.driver.CChromeDriver
Capabilities {acceptInsecureCerts: false, acceptSslCerts: false, applicationCacheEnabled: false, browserConnectionEnabled: false, browserName: chrome, chrome: {chromedriverVersion: 2.35.528161 (5b82f2d2aae0ca..., userDataDir: C:\Users\41776\AppData\Loca...}, cssSelectorsEnabled: true, databaseEnabled: false, handlesAlerts: true, hasTouchScreen: false, javascriptEnabled: true, locationContextEnabled: true, mobileEmulationEnabled: false, nativeEvents: true, networkConnectionEnabled: false, pageLoadStrategy: normal, platform: XP, platformName: XP, rotatable: false, setWindowRect: true, takesHeapSnapshot: true, takesScreenshot: true, unexpectedAlertBehaviour: , unhandledPromptBehavior: , version: 68.0.3440.106, webStorageEnabled: true}
Session ID: a4e6d8d053d5d0ff49c8d78a4997ae39)"/>
         <system-out><![CDATA[2018-08-20 17:27:21 - [TEST_CASE][FAILED] - Test Cases/Main Test Cases/subjectInterest/subjectIntestSort: Test Cases/Main Test Cases/subjectInterest/subjectIntestSort FAILED because (of) Unable to click on object 'Object Repository/Page_subjcetInterest/page_sort/Page_/div_chemistry' (Root cause: org.openqa.selenium.WebDriverException: unknown error: Element <div class="subject-name" data-reactid=".0.0.0.0.0.1.2.1.0.0.0.1.0.1">...</div> is not clickable at point (727, 503). Other element would receive the click: <div class="subject-name" data-reactid=".0.0.0.0.0.1.2.1.0.0.0.2.0.1">...</div>
  (Session info: chrome=68.0.3440.106)
  (Driver info: chromedriver=2.35.528161 (5b82f2d2aae0ca24b877009200ced9065a772e73),platform=Windows NT 10.0.17134 x86_64) (WARNING: The server did not provide any stacktrace information)
Command duration or timeout: 0 milliseconds
Build info: version: '3.7.1', revision: '8a0099a', time: '2017-11-06T21:07:36.161Z'
System info: host: 'DESKTOP-EV1AU39', ip: '192.168.2.140', os.name: 'Windows 10', os.arch: 'amd64', os.version: '10.0', java.version: '1.8.0_102'
Driver info: com.kms.katalon.selenium.driver.CChromeDriver
Capabilities {acceptInsecureCerts: false, acceptSslCerts: false, applicationCacheEnabled: false, browserConnectionEnabled: false, browserName: chrome, chrome: {chromedriverVersion: 2.35.528161 (5b82f2d2aae0ca..., userDataDir: C:\Users\41776\AppData\Loca...}, cssSelectorsEnabled: true, databaseEnabled: false, handlesAlerts: true, hasTouchScreen: false, javascriptEnabled: true, locationContextEnabled: true, mobileEmulationEnabled: false, nativeEvents: true, networkConnectionEnabled: false, pageLoadStrategy: normal, platform: XP, platformName: XP, rotatable: false, setWindowRect: true, takesHeapSnapshot: true, takesScreenshot: true, unexpectedAlertBehaviour: , unhandledPromptBehavior: , version: 68.0.3440.106, webStorageEnabled: true}
Session ID: a4e6d8d053d5d0ff49c8d78a4997ae39)

2018-08-20 17:27:22 - [TEST_STEP][FAILED] - Statement - If (com.kms.katalon.core.testobject.ObjectRepository.findTestObject(Page_subjcetInterest/page_sort/Page_/div_subjectinterestitem) != null): Unable to click on object 'Object Repository/Page_subjcetInterest/page_sort/Page_/div_chemistry' (Root cause: org.openqa.selenium.WebDriverException: unknown error: Element <div class="subject-name" data-reactid=".0.0.0.0.0.1.2.1.0.0.0.1.0.1">...</div> is not clickable at point (727, 503). Other element would receive the click: <div class="subject-name" data-reactid=".0.0.0.0.0.1.2.1.0.0.0.2.0.1">...</div>
  (Session info: chrome=68.0.3440.106)
  (Driver info: chromedriver=2.35.528161 (5b82f2d2aae0ca24b877009200ced9065a772e73),platform=Windows NT 10.0.17134 x86_64) (WARNING: The server did not provide any stacktrace information)
Command duration or timeout: 0 milliseconds
Build info: version: '3.7.1', revision: '8a0099a', time: '2017-11-06T21:07:36.161Z'
System info: host: 'DESKTOP-EV1AU39', ip: '192.168.2.140', os.name: 'Windows 10', os.arch: 'amd64', os.version: '10.0', java.version: '1.8.0_102'
Driver info: com.kms.katalon.selenium.driver.CChromeDriver
Capabilities {acceptInsecureCerts: false, acceptSslCerts: false, applicationCacheEnabled: false, browserConnectionEnabled: false, browserName: chrome, chrome: {chromedriverVersion: 2.35.528161 (5b82f2d2aae0ca..., userDataDir: C:\Users\41776\AppData\Loca...}, cssSelectorsEnabled: true, databaseEnabled: false, handlesAlerts: true, hasTouchScreen: false, javascriptEnabled: true, locationContextEnabled: true, mobileEmulationEnabled: false, nativeEvents: true, networkConnectionEnabled: false, pageLoadStrategy: normal, platform: XP, platformName: XP, rotatable: false, setWindowRect: true, takesHeapSnapshot: true, takesScreenshot: true, unexpectedAlertBehaviour: , unhandledPromptBehavior: , version: 68.0.3440.106, webStorageEnabled: true}
Session ID: a4e6d8d053d5d0ff49c8d78a4997ae39)

2018-08-20 17:27:22 - [TEST_STEP][PASSED] - click: Object: 'Object Repository/Page_subjcetInterest/page_sort/Page_/div_subjectinterestitem' is clicked on

2018-08-20 17:27:28 - [MESSAGE][PASSED] - Object: 'Object Repository/Page_subjcetInterest/page_sort/Page_/div_subjectinterestitem' is clicked on

2018-08-20 17:27:28 - [TEST_STEP][PASSED] - click: Object: 'Object Repository/Page_subjcetInterest/page_sort/Page_/div_physical' is clicked on

2018-08-20 17:27:28 - [MESSAGE][PASSED] - Object: 'Object Repository/Page_subjcetInterest/page_sort/Page_/div_physical' is clicked on

2018-08-20 17:27:28 - [TEST_STEP][FAILED] - click: Unable to click on object 'Object Repository/Page_subjcetInterest/page_sort/Page_/div_chemistry' (Root cause: org.openqa.selenium.WebDriverException: unknown error: Element <div class="subject-name" data-reactid=".0.0.0.0.0.1.2.1.0.0.0.1.0.1">...</div> is not clickable at point (727, 503). Other element would receive the click: <div class="subject-name" data-reactid=".0.0.0.0.0.1.2.1.0.0.0.2.0.1">...</div>
  (Session info: chrome=68.0.3440.106)
  (Driver info: chromedriver=2.35.528161 (5b82f2d2aae0ca24b877009200ced9065a772e73),platform=Windows NT 10.0.17134 x86_64) (WARNING: The server did not provide any stacktrace information)
Command duration or timeout: 0 milliseconds
Build info: version: '3.7.1', revision: '8a0099a', time: '2017-11-06T21:07:36.161Z'
System info: host: 'DESKTOP-EV1AU39', ip: '192.168.2.140', os.name: 'Windows 10', os.arch: 'amd64', os.version: '10.0', java.version: '1.8.0_102'
Driver info: com.kms.katalon.selenium.driver.CChromeDriver
Capabilities {acceptInsecureCerts: false, acceptSslCerts: false, applicationCacheEnabled: false, browserConnectionEnabled: false, browserName: chrome, chrome: {chromedriverVersion: 2.35.528161 (5b82f2d2aae0ca..., userDataDir: C:\Users\41776\AppData\Loca...}, cssSelectorsEnabled: true, databaseEnabled: false, handlesAlerts: true, hasTouchScreen: false, javascriptEnabled: true, locationContextEnabled: true, mobileEmulationEnabled: false, nativeEvents: true, networkConnectionEnabled: false, pageLoadStrategy: normal, platform: XP, platformName: XP, rotatable: false, setWindowRect: true, takesHeapSnapshot: true, takesScreenshot: true, unexpectedAlertBehaviour: , unhandledPromptBehavior: , version: 68.0.3440.106, webStorageEnabled: true}
Session ID: a4e6d8d053d5d0ff49c8d78a4997ae39)

2018-08-20 17:27:28 - [MESSAGE][FAILED] - Unable to click on object 'Object Repository/Page_subjcetInterest/page_sort/Page_/div_chemistry' (Root cause: org.openqa.selenium.WebDriverException: unknown error: Element <div class="subject-name" data-reactid=".0.0.0.0.0.1.2.1.0.0.0.1.0.1">...</div> is not clickable at point (727, 503). Other element would receive the click: <div class="subject-name" data-reactid=".0.0.0.0.0.1.2.1.0.0.0.2.0.1">...</div>
  (Session info: chrome=68.0.3440.106)
  (Driver info: chromedriver=2.35.528161 (5b82f2d2aae0ca24b877009200ced9065a772e73),platform=Windows NT 10.0.17134 x86_64) (WARNING: The server did not provide any stacktrace information)
Command duration or timeout: 0 milliseconds
Build info: version: '3.7.1', revision: '8a0099a', time: '2017-11-06T21:07:36.161Z'
System info: host: 'DESKTOP-EV1AU39', ip: '192.168.2.140', os.name: 'Windows 10', os.arch: 'amd64', os.version: '10.0', java.version: '1.8.0_102'
Driver info: com.kms.katalon.selenium.driver.CChromeDriver
Capabilities {acceptInsecureCerts: false, acceptSslCerts: false, applicationCacheEnabled: false, browserConnectionEnabled: false, browserName: chrome, chrome: {chromedriverVersion: 2.35.528161 (5b82f2d2aae0ca..., userDataDir: C:\Users\41776\AppData\Loca...}, cssSelectorsEnabled: true, databaseEnabled: false, handlesAlerts: true, hasTouchScreen: false, javascriptEnabled: true, locationContextEnabled: true, mobileEmulationEnabled: false, nativeEvents: true, networkConnectionEnabled: false, pageLoadStrategy: normal, platform: XP, platformName: XP, rotatable: false, setWindowRect: true, takesHeapSnapshot: true, takesScreenshot: true, unexpectedAlertBehaviour: , unhandledPromptBehavior: , version: 68.0.3440.106, webStorageEnabled: true}
Session ID: a4e6d8d053d5d0ff49c8d78a4997ae39)
[[ATTACHMENT|C:\\Users\\41776\\Desktop\\study\\optionalTest\\Reports\\smoke Test\\chooseStudent\\20180820_172655\\1534757248232.png]]]]></system-out>
         <system-err><![CDATA[2018-08-20 17:27:21 - [TEST_CASE][FAILED] - Test Cases/Main Test Cases/subjectInterest/subjectIntestSort: Test Cases/Main Test Cases/subjectInterest/subjectIntestSort FAILED because (of) Unable to click on object 'Object Repository/Page_subjcetInterest/page_sort/Page_/div_chemistry' (Root cause: org.openqa.selenium.WebDriverException: unknown error: Element <div class="subject-name" data-reactid=".0.0.0.0.0.1.2.1.0.0.0.1.0.1">...</div> is not clickable at point (727, 503). Other element would receive the click: <div class="subject-name" data-reactid=".0.0.0.0.0.1.2.1.0.0.0.2.0.1">...</div>
  (Session info: chrome=68.0.3440.106)
  (Driver info: chromedriver=2.35.528161 (5b82f2d2aae0ca24b877009200ced9065a772e73),platform=Windows NT 10.0.17134 x86_64) (WARNING: The server did not provide any stacktrace information)
Command duration or timeout: 0 milliseconds
Build info: version: '3.7.1', revision: '8a0099a', time: '2017-11-06T21:07:36.161Z'
System info: host: 'DESKTOP-EV1AU39', ip: '192.168.2.140', os.name: 'Windows 10', os.arch: 'amd64', os.version: '10.0', java.version: '1.8.0_102'
Driver info: com.kms.katalon.selenium.driver.CChromeDriver
Capabilities {acceptInsecureCerts: false, acceptSslCerts: false, applicationCacheEnabled: false, browserConnectionEnabled: false, browserName: chrome, chrome: {chromedriverVersion: 2.35.528161 (5b82f2d2aae0ca..., userDataDir: C:\Users\41776\AppData\Loca...}, cssSelectorsEnabled: true, databaseEnabled: false, handlesAlerts: true, hasTouchScreen: false, javascriptEnabled: true, locationContextEnabled: true, mobileEmulationEnabled: false, nativeEvents: true, networkConnectionEnabled: false, pageLoadStrategy: normal, platform: XP, platformName: XP, rotatable: false, setWindowRect: true, takesHeapSnapshot: true, takesScreenshot: true, unexpectedAlertBehaviour: , unhandledPromptBehavior: , version: 68.0.3440.106, webStorageEnabled: true}
Session ID: a4e6d8d053d5d0ff49c8d78a4997ae39)]]></system-err>
      </testcase>
      <system-out><![CDATA[2018-08-20 17:26:56 - [TEST_SUITE][FAILED] - chooseStudent: Test Cases/Main Test Cases/subjectInterest/subjectInterest FAILED because (of) Unable to click on object 'Object Repository/Page_subjcetInterest/page_test/Page_/button_startTest1' (Root cause: org.openqa.selenium.ElementNotVisibleException: element not visible
  (Session info: chrome=68.0.3440.106)
  (Driver info: chromedriver=2.35.528161 (5b82f2d2aae0ca24b877009200ced9065a772e73),platform=Windows NT 10.0.17134 x86_64) (WARNING: The server did not provide any stacktrace information)
Command duration or timeout: 0 milliseconds
Build info: version: '3.7.1', revision: '8a0099a', time: '2017-11-06T21:07:36.161Z'
System info: host: 'DESKTOP-EV1AU39', ip: '192.168.2.140', os.name: 'Windows 10', os.arch: 'amd64', os.version: '10.0', java.version: '1.8.0_102'
Driver info: com.kms.katalon.selenium.driver.CChromeDriver
Capabilities {acceptInsecureCerts: false, acceptSslCerts: false, applicationCacheEnabled: false, browserConnectionEnabled: false, browserName: chrome, chrome: {chromedriverVersion: 2.35.528161 (5b82f2d2aae0ca..., userDataDir: C:\Users\41776\AppData\Loca...}, cssSelectorsEnabled: true, databaseEnabled: false, handlesAlerts: true, hasTouchScreen: false, javascriptEnabled: true, locationContextEnabled: true, mobileEmulationEnabled: false, nativeEvents: true, networkConnectionEnabled: false, pageLoadStrategy: normal, platform: XP, platformName: XP, rotatable: false, setWindowRect: true, takesHeapSnapshot: true, takesScreenshot: true, unexpectedAlertBehaviour: , unhandledPromptBehavior: , version: 68.0.3440.106, webStorageEnabled: true}
Session ID: a4e6d8d053d5d0ff49c8d78a4997ae39)]]></system-out>
      <system-err><![CDATA[2018-08-20 17:26:56 - [TEST_SUITE][FAILED] - chooseStudent: Test Cases/Main Test Cases/subjectInterest/subjectInterest FAILED because (of) Unable to click on object 'Object Repository/Page_subjcetInterest/page_test/Page_/button_startTest1' (Root cause: org.openqa.selenium.ElementNotVisibleException: element not visible
  (Session info: chrome=68.0.3440.106)
  (Driver info: chromedriver=2.35.528161 (5b82f2d2aae0ca24b877009200ced9065a772e73),platform=Windows NT 10.0.17134 x86_64) (WARNING: The server did not provide any stacktrace information)
Command duration or timeout: 0 milliseconds
Build info: version: '3.7.1', revision: '8a0099a', time: '2017-11-06T21:07:36.161Z'
System info: host: 'DESKTOP-EV1AU39', ip: '192.168.2.140', os.name: 'Windows 10', os.arch: 'amd64', os.version: '10.0', java.version: '1.8.0_102'
Driver info: com.kms.katalon.selenium.driver.CChromeDriver
Capabilities {acceptInsecureCerts: false, acceptSslCerts: false, applicationCacheEnabled: false, browserConnectionEnabled: false, browserName: chrome, chrome: {chromedriverVersion: 2.35.528161 (5b82f2d2aae0ca..., userDataDir: C:\Users\41776\AppData\Loca...}, cssSelectorsEnabled: true, databaseEnabled: false, handlesAlerts: true, hasTouchScreen: false, javascriptEnabled: true, locationContextEnabled: true, mobileEmulationEnabled: false, nativeEvents: true, networkConnectionEnabled: false, pageLoadStrategy: normal, platform: XP, platformName: XP, rotatable: false, setWindowRect: true, takesHeapSnapshot: true, takesScreenshot: true, unexpectedAlertBehaviour: , unhandledPromptBehavior: , version: 68.0.3440.106, webStorageEnabled: true}
Session ID: a4e6d8d053d5d0ff49c8d78a4997ae39)]]></system-err>
   </testsuite>
</testsuites>
